[2018-01-26 21:59:44 +0800] [1350] [INFO] Starting gunicorn 19.7.1
[2018-01-26 21:59:44 +0800] [1350] [INFO] Listening at: unix:/tmp/47.95.214.83.socket (1350)
[2018-01-26 21:59:44 +0800] [1350] [INFO] Using worker: sync
[2018-01-26 21:59:44 +0800] [1353] [INFO] Booting worker with pid: 1353
[2018-01-26 22:00:00 +0800] [1350] [INFO] Handling signal: hup
[2018-01-26 22:00:00 +0800] [1350] [INFO] Hang up: Master
[2018-01-26 22:00:00 +0800] [1355] [INFO] Booting worker with pid: 1355
Not Found: /wls-wsat/CoordinatorPortType
Not Found: /1.html
Not Found: /1.html
Not Found: /master-status
Not Found: /phpmyadmin/
Not Found: /phpmyadmin/
Not Found: /phpmyadmin/
Not Found: /phpmyadmin/
Not Found: /phpmyadmin/
Not Found: /phpmyadmin/
Not Found: /phpmyadmin/
Not Found: /phpmyadmin/
Not Found: /phpmyadmin/
Not Found: /phpmyadmin/
Not Found: /phpmyadmin/
Not Found: /phpmyadmin/
Not Found: /phpmyadmin/
Not Found: /phpmyadmin/
Not Found: /phpmyadmin/
Not Found: /phpmyadmin/
Not Found: /phpmyadmin/
Not Found: /phpmyadmin/
Not Found: /phpmyadmin/
Not Found: /phpmyadmin/
Not Found: /robots.txt
Not Found: /robots.txt
Not Found: /ip.asp
Not Found: /mysql/admin/
Not Found: /mysql/dbadmin/
Not Found: /mysql/sqlmanager/
Not Found: /mysql/mysqlmanager/
Not Found: /phpmyadmin/
Not Found: /phpMyadmin/
Not Found: /phpMyAdmin/
Not Found: /phpmyAdmin/
Not Found: /phpmyadmin2/
Not Found: /phpmyadmin3/
Not Found: /phpmyadmin4/
Not Found: /2phpmyadmin/
Not Found: /phpmy/
Not Found: /phppma/
Not Found: /myadmin/
Not Found: /shopdb/
Not Found: /MyAdmin/
Not Found: /program/
Not Found: /PMA/
Not Found: /dbadmin/
Not Found: /pma/
Not Found: /db/
Not Found: /mysql/
Not Found: /database/
Not Found: /db/phpmyadmin/
Not Found: /db/phpMyAdmin/
Not Found: /sqlmanager/
Not Found: /mysqlmanager/
Not Found: /php-myadmin/
Not Found: /phpmy-admin/
Not Found: /mysqladmin/
Not Found: /mysql-admin/
Not Found: /admin/phpmyadmin/
Not Found: /admin/phpMyAdmin/
Not Found: /admin/sysadmin/
Not Found: /admin/sqladmin/
Not Found: /admin/db/
Not Found: /admin/web/
Not Found: /admin/pMA/
Not Found: /mysql/pma/
Not Found: /mysql/db/
Not Found: /mysql/web/
Not Found: /mysql/pMA/
Not Found: /sql/phpmanager/
Not Found: /sql/php-myadmin/
Not Found: /sql/phpmy-admin/
Not Found: /sql/sql/
Not Found: /sql/myadmin/
Not Found: /sql/webadmin/
Not Found: /sql/sqlweb/
Not Found: /sql/websql/
Not Found: /sql/webdb/
Not Found: /sql/sqladmin/
Not Found: /sql/sql-admin/
Not Found: /sql/phpmyadmin2/
Not Found: /sql/phpMyAdmin2/
Not Found: /sql/phpMyAdmin/
Not Found: /db/myadmin/
Not Found: /db/webadmin/
Not Found: /db/dbweb/
Not Found: /db/websql/
Not Found: /db/webdb/
Not Found: /db/dbadmin/
Not Found: /db/db-admin/
Not Found: /db/phpmyadmin3/
Not Found: /db/phpMyAdmin3/
Not Found: /db/phpMyAdmin-3/
Not Found: /administrator/phpmyadmin/
Not Found: /administrator/phpMyAdmin/
Not Found: /administrator/db/
Not Found: /administrator/web/
Not Found: /administrator/pma/
Not Found: /administrator/PMA/
Not Found: /administrator/admin/
Not Found: /phpMyAdmin2/
Not Found: /phpMyAdmin3/
Not Found: /phpMyAdmin4/
Not Found: /phpMyAdmin-3/
Not Found: /php-my-admin/
Not Found: /PMA2011/
Not Found: /PMA2012/
Not Found: /PMA2013/
Not Found: /PMA2014/
Not Found: /PMA2015/
Not Found: /PMA2016/
Not Found: /PMA2017/
Not Found: /PMA2018/
Not Found: /pma2011/
Not Found: /pma2012/
Not Found: /pma2013/
Not Found: /pma2014/
Not Found: /pma2015/
Not Found: /pma2016/
Not Found: /pma2017/
Not Found: /pma2018/
Not Found: /phpmyadmin2011/
Not Found: /phpmyadmin2012/
Not Found: /phpmyadmin2013/
Not Found: /phpmyadmin2014/
Not Found: /cache/global/img/gs.gif
Not Found: /mysql/admin/
Not Found: /mysql/dbadmin/
Not Found: /mysql/sqlmanager/
Not Found: /mysql/mysqlmanager/
Not Found: /phpmyadmin/
Not Found: /phpMyadmin/
Not Found: /phpMyAdmin/
Not Found: /phpmyAdmin/
Not Found: /phpmyadmin2/
Not Found: /phpmyadmin3/
Not Found: /phpmyadmin4/
Not Found: /2phpmyadmin/
Not Found: /phpmy/
Not Found: /phppma/
Not Found: /myadmin/
Not Found: /shopdb/
Not Found: /MyAdmin/
Not Found: /program/
Not Found: /PMA/
Not Found: /dbadmin/
Not Found: /pma/
Not Found: /db/
Not Found: /mysql/
Not Found: /database/
Not Found: /db/phpmyadmin/
Not Found: /db/phpMyAdmin/
Not Found: /sqlmanager/
Not Found: /mysqlmanager/
Not Found: /php-myadmin/
Not Found: /phpmy-admin/
Not Found: /mysqladmin/
Not Found: /mysql-admin/
Not Found: /admin/phpmyadmin/
Not Found: /admin/phpMyAdmin/
Not Found: /admin/sysadmin/
Not Found: /admin/sqladmin/
Not Found: /admin/db/
Not Found: /admin/web/
Not Found: /admin/pMA/
Not Found: /mysql/pma/
Not Found: /mysql/db/
Not Found: /mysql/web/
Not Found: /mysql/pMA/
Not Found: /sql/phpmanager/
Not Found: /sql/php-myadmin/
Not Found: /sql/phpmy-admin/
Not Found: /sql/sql/
Not Found: /sql/myadmin/
Not Found: /sql/webadmin/
Not Found: /sql/sqlweb/
Not Found: /sql/websql/
Not Found: /sql/webdb/
Not Found: /sql/sqladmin/
Not Found: /sql/sql-admin/
Not Found: /sql/phpmyadmin2/
Not Found: /sql/phpMyAdmin2/
Not Found: /sql/phpMyAdmin/
Not Found: /db/myadmin/
Not Found: /db/webadmin/
Not Found: /db/dbweb/
Not Found: /db/websql/
Not Found: /db/webdb/
Not Found: /db/dbadmin/
Not Found: /db/db-admin/
Not Found: /db/phpmyadmin3/
Not Found: /db/phpMyAdmin3/
Not Found: /db/phpMyAdmin-3/
Not Found: /administrator/phpmyadmin/
Not Found: /administrator/phpMyAdmin/
Not Found: /administrator/db/
Not Found: /administrator/web/
Not Found: /administrator/pma/
Not Found: /administrator/PMA/
Not Found: /administrator/admin/
Not Found: /phpMyAdmin2/
Not Found: /phpMyAdmin3/
Not Found: /phpMyAdmin4/
Not Found: /phpMyAdmin-3/
Not Found: /php-my-admin/
Not Found: /PMA2011/
Not Found: /PMA2012/
Not Found: /PMA2013/
Not Found: /PMA2014/
Not Found: /PMA2015/
Not Found: /PMA2016/
Not Found: /PMA2017/
Not Found: /PMA2018/
Not Found: /pma2011/
Not Found: /pma2012/
Not Found: /pma2013/
Not Found: /pma2014/
Not Found: /pma2015/
Not Found: /pma2016/
Not Found: /pma2017/
Not Found: /pma2018/
Not Found: /phpmyadmin2011/
Not Found: /phpmyadmin2012/
Not Found: /phpmyadmin2013/
Not Found: /phpmyadmin2014/
Not Found: /phpmyadmin2016/
Not Found: /phpmyadmin2017/
Not Found: /phpmyadmin2018/
Not Found: /phpmanager/
[2018-04-21 15:54:18 +0800] [2362] [INFO] Starting gunicorn 19.7.1
[2018-04-21 15:54:18 +0800] [2362] [INFO] Listening at: unix:/tmp/47.95.214.83.socket (2362)
[2018-04-21 15:54:18 +0800] [2362] [INFO] Using worker: sync
[2018-04-21 15:54:18 +0800] [2365] [INFO] Booting worker with pid: 2365
Internal Server Error: /admin/login/
Traceback (most recent call last):
  File "/home/mcq/sites/hellooying.xyz/env/lib/python3.5/site-packages/django/db/backends/utils.py", line 85, in _execute
    return self.cursor.execute(sql, params)
  File "/home/mcq/sites/hellooying.xyz/env/lib/python3.5/site-packages/django/db/backends/sqlite3/base.py", line 303, in execute
    return Database.Cursor.execute(self, query, params)
sqlite3.OperationalError: no such table: auth_user

The above exception was the direct cause of the following exception:

Traceback (most recent call last):
  File "/home/mcq/sites/hellooying.xyz/env/lib/python3.5/site-packages/django/core/handlers/exception.py", line 35, in inner
    response = get_response(request)
  File "/home/mcq/sites/hellooying.xyz/env/lib/python3.5/site-packages/django/core/handlers/base.py", line 128, in _get_response
    response = self.process_exception_by_middleware(e, request)
  File "/home/mcq/sites/hellooying.xyz/env/lib/python3.5/site-packages/django/core/handlers/base.py", line 126, in _get_response
    response = wrapped_callback(request, *callback_args, **callback_kwargs)
  File "/home/mcq/sites/hellooying.xyz/env/lib/python3.5/site-packages/django/views/decorators/cache.py", line 44, in _wrapped_view_func
    response = view_func(request, *args, **kwargs)
  File "/home/mcq/sites/hellooying.xyz/env/lib/python3.5/site-packages/django/contrib/admin/sites.py", line 398, in login
    return LoginView.as_view(**defaults)(request)
  File "/home/mcq/sites/hellooying.xyz/env/lib/python3.5/site-packages/django/views/generic/base.py", line 69, in view
    return self.dispatch(request, *args, **kwargs)
  File "/home/mcq/sites/hellooying.xyz/env/lib/python3.5/site-packages/django/utils/decorators.py", line 62, in _wrapper
    return bound_func(*args, **kwargs)
  File "/home/mcq/sites/hellooying.xyz/env/lib/python3.5/site-packages/django/views/decorators/debug.py", line 76, in sensitive_post_parameters_wrapper
    return view(request, *args, **kwargs)
  File "/home/mcq/sites/hellooying.xyz/env/lib/python3.5/site-packages/django/utils/decorators.py", line 58, in bound_func
    return func.__get__(self, type(self))(*args2, **kwargs2)
  File "/home/mcq/sites/hellooying.xyz/env/lib/python3.5/site-packages/django/utils/decorators.py", line 62, in _wrapper
    return bound_func(*args, **kwargs)
  File "/home/mcq/sites/hellooying.xyz/env/lib/python3.5/site-packages/django/utils/decorators.py", line 142, in _wrapped_view
    response = view_func(request, *args, **kwargs)
  File "/home/mcq/sites/hellooying.xyz/env/lib/python3.5/site-packages/django/utils/decorators.py", line 58, in bound_func
    return func.__get__(self, type(self))(*args2, **kwargs2)
  File "/home/mcq/sites/hellooying.xyz/env/lib/python3.5/site-packages/django/utils/decorators.py", line 62, in _wrapper
    return bound_func(*args, **kwargs)
  File "/home/mcq/sites/hellooying.xyz/env/lib/python3.5/site-packages/django/views/decorators/cache.py", line 44, in _wrapped_view_func
    response = view_func(request, *args, **kwargs)
  File "/home/mcq/sites/hellooying.xyz/env/lib/python3.5/site-packages/django/utils/decorators.py", line 58, in bound_func
    return func.__get__(self, type(self))(*args2, **kwargs2)
  File "/home/mcq/sites/hellooying.xyz/env/lib/python3.5/site-packages/django/contrib/auth/views.py", line 66, in dispatch
    return super().dispatch(request, *args, **kwargs)
  File "/home/mcq/sites/hellooying.xyz/env/lib/python3.5/site-packages/django/views/generic/base.py", line 89, in dispatch
    return handler(request, *args, **kwargs)
  File "/home/mcq/sites/hellooying.xyz/env/lib/python3.5/site-packages/django/views/generic/edit.py", line 141, in post
    if form.is_valid():
  File "/home/mcq/sites/hellooying.xyz/env/lib/python3.5/site-packages/django/forms/forms.py", line 179, in is_valid
    return self.is_bound and not self.errors
  File "/home/mcq/sites/hellooying.xyz/env/lib/python3.5/site-packages/django/forms/forms.py", line 174, in errors
    self.full_clean()
  File "/home/mcq/sites/hellooying.xyz/env/lib/python3.5/site-packages/django/forms/forms.py", line 377, in full_clean
    self._clean_form()
  File "/home/mcq/sites/hellooying.xyz/env/lib/python3.5/site-packages/django/forms/forms.py", line 404, in _clean_form
    cleaned_data = self.clean()
  File "/home/mcq/sites/hellooying.xyz/env/lib/python3.5/site-packages/django/contrib/auth/forms.py", line 195, in clean
    self.user_cache = authenticate(self.request, username=username, password=password)
  File "/home/mcq/sites/hellooying.xyz/env/lib/python3.5/site-packages/django/contrib/auth/__init__.py", line 70, in authenticate
    user = _authenticate_with_backend(backend, backend_path, request, credentials)
  File "/home/mcq/sites/hellooying.xyz/env/lib/python3.5/site-packages/django/contrib/auth/__init__.py", line 116, in _authenticate_with_backend
    return backend.authenticate(*args, **credentials)
  File "/home/mcq/sites/hellooying.xyz/env/lib/python3.5/site-packages/django/contrib/auth/backends.py", line 16, in authenticate
    user = UserModel._default_manager.get_by_natural_key(username)
  File "/home/mcq/sites/hellooying.xyz/env/lib/python3.5/site-packages/django/contrib/auth/base_user.py", line 44, in get_by_natural_key
    return self.get(**{self.model.USERNAME_FIELD: username})
  File "/home/mcq/sites/hellooying.xyz/env/lib/python3.5/site-packages/django/db/models/manager.py", line 82, in manager_method
    return getattr(self.get_queryset(), name)(*args, **kwargs)
  File "/home/mcq/sites/hellooying.xyz/env/lib/python3.5/site-packages/django/db/models/query.py", line 397, in get
    num = len(clone)
  File "/home/mcq/sites/hellooying.xyz/env/lib/python3.5/site-packages/django/db/models/query.py", line 254, in __len__
    self._fetch_all()
  File "/home/mcq/sites/hellooying.xyz/env/lib/python3.5/site-packages/django/db/models/query.py", line 1179, in _fetch_all
    self._result_cache = list(self._iterable_class(self))
  File "/home/mcq/sites/hellooying.xyz/env/lib/python3.5/site-packages/django/db/models/query.py", line 53, in __iter__
    results = compiler.execute_sql(chunked_fetch=self.chunked_fetch, chunk_size=self.chunk_size)
  File "/home/mcq/sites/hellooying.xyz/env/lib/python3.5/site-packages/django/db/models/sql/compiler.py", line 1067, in execute_sql
    cursor.execute(sql, params)
  File "/home/mcq/sites/hellooying.xyz/env/lib/python3.5/site-packages/django/db/backends/utils.py", line 100, in execute
    return super().execute(sql, params)
  File "/home/mcq/sites/hellooying.xyz/env/lib/python3.5/site-packages/django/db/backends/utils.py", line 68, in execute
    return self._execute_with_wrappers(sql, params, many=False, executor=self._execute)
  File "/home/mcq/sites/hellooying.xyz/env/lib/python3.5/site-packages/django/db/backends/utils.py", line 77, in _execute_with_wrappers
    return executor(sql, params, many, context)
  File "/home/mcq/sites/hellooying.xyz/env/lib/python3.5/site-packages/django/db/backends/utils.py", line 85, in _execute
    return self.cursor.execute(sql, params)
  File "/home/mcq/sites/hellooying.xyz/env/lib/python3.5/site-packages/django/db/utils.py", line 89, in __exit__
    raise dj_exc_value.with_traceback(traceback) from exc_value
  File "/home/mcq/sites/hellooying.xyz/env/lib/python3.5/site-packages/django/db/backends/utils.py", line 85, in _execute
    return self.cursor.execute(sql, params)
  File "/home/mcq/sites/hellooying.xyz/env/lib/python3.5/site-packages/django/db/backends/sqlite3/base.py", line 303, in execute
    return Database.Cursor.execute(self, query, params)
django.db.utils.OperationalError: no such table: auth_user
Internal Server Error: /index_waterfall/
Traceback (most recent call last):
  File "/home/mcq/sites/hellooying.xyz/env/lib/python3.5/site-packages/django/db/backends/utils.py", line 85, in _execute
    return self.cursor.execute(sql, params)
  File "/home/mcq/sites/hellooying.xyz/env/lib/python3.5/site-packages/django/db/backends/sqlite3/base.py", line 303, in execute
    return Database.Cursor.execute(self, query, params)
sqlite3.OperationalError: no such table: blog_blog

The above exception was the direct cause of the following exception:

Traceback (most recent call last):
  File "/home/mcq/sites/hellooying.xyz/env/lib/python3.5/site-packages/django/core/handlers/exception.py", line 35, in inner
    response = get_response(request)
  File "/home/mcq/sites/hellooying.xyz/env/lib/python3.5/site-packages/django/core/handlers/base.py", line 128, in _get_response
    response = self.process_exception_by_middleware(e, request)
  File "/home/mcq/sites/hellooying.xyz/env/lib/python3.5/site-packages/django/core/handlers/base.py", line 126, in _get_response
    response = wrapped_callback(request, *callback_args, **callback_kwargs)
  File "/home/mcq/sites/hellooying.xyz/MCQ_Blog/blog/views.py", line 29, in index_waterfall
    for i in a:
  File "/home/mcq/sites/hellooying.xyz/env/lib/python3.5/site-packages/django/db/models/query.py", line 272, in __iter__
    self._fetch_all()
  File "/home/mcq/sites/hellooying.xyz/env/lib/python3.5/site-packages/django/db/models/query.py", line 1179, in _fetch_all
    self._result_cache = list(self._iterable_class(self))
  File "/home/mcq/sites/hellooying.xyz/env/lib/python3.5/site-packages/django/db/models/query.py", line 53, in __iter__
    results = compiler.execute_sql(chunked_fetch=self.chunked_fetch, chunk_size=self.chunk_size)
  File "/home/mcq/sites/hellooying.xyz/env/lib/python3.5/site-packages/django/db/models/sql/compiler.py", line 1067, in execute_sql
    cursor.execute(sql, params)
  File "/home/mcq/sites/hellooying.xyz/env/lib/python3.5/site-packages/django/db/backends/utils.py", line 100, in execute
    return super().execute(sql, params)
  File "/home/mcq/sites/hellooying.xyz/env/lib/python3.5/site-packages/django/db/backends/utils.py", line 68, in execute
    return self._execute_with_wrappers(sql, params, many=False, executor=self._execute)
  File "/home/mcq/sites/hellooying.xyz/env/lib/python3.5/site-packages/django/db/backends/utils.py", line 77, in _execute_with_wrappers
    return executor(sql, params, many, context)
  File "/home/mcq/sites/hellooying.xyz/env/lib/python3.5/site-packages/django/db/backends/utils.py", line 85, in _execute
    return self.cursor.execute(sql, params)
  File "/home/mcq/sites/hellooying.xyz/env/lib/python3.5/site-packages/django/db/utils.py", line 89, in __exit__
    raise dj_exc_value.with_traceback(traceback) from exc_value
  File "/home/mcq/sites/hellooying.xyz/env/lib/python3.5/site-packages/django/db/backends/utils.py", line 85, in _execute
    return self.cursor.execute(sql, params)
  File "/home/mcq/sites/hellooying.xyz/env/lib/python3.5/site-packages/django/db/backends/sqlite3/base.py", line 303, in execute
    return Database.Cursor.execute(self, query, params)
django.db.utils.OperationalError: no such table: blog_blog
[2018-04-21 15:54:53 +0800] [2362] [INFO] Handling signal: int
[2018-04-21 07:54:53 +0000] [2365] [INFO] Worker exiting (pid: 2365)
/home/mcq/sites/hellooying.xyz/MCQ_Blog
[2018-04-21 15:54:53 +0800] [2362] [INFO] Shutting down: Master
[2018-04-21 15:55:20 +0800] [2376] [INFO] Starting gunicorn 19.7.1
[2018-04-21 15:55:20 +0800] [2376] [INFO] Listening at: unix:/tmp/47.95.214.83.socket (2376)
[2018-04-21 15:55:20 +0800] [2376] [INFO] Using worker: sync
[2018-04-21 15:55:20 +0800] [2379] [INFO] Booting worker with pid: 2379
Not Found: /cache/global/img/gs.gif
[2018-04-21 19:39:14 +0800] [2602] [INFO] Booting worker with pid: 2602
[2018-04-21 19:39:14 +0800] [2376] [INFO] Handling signal: hup
[2018-04-21 19:39:14 +0800] [2376] [INFO] Hang up: Master
[2018-04-21 19:39:14 +0800] [2606] [INFO] Booting worker with pid: 2606
[2018-04-21 11:39:14 +0000] [2602] [INFO] Worker exiting (pid: 2602)
Not Found: /robots.txt
Not Found: /w00tw00t.at.blackhats.romanian.anti-sec:)
Not Found: /phpMyAdmin/scripts/setup.php
Not Found: /phpmyadmin/scripts/setup.php
Not Found: /pma/scripts/setup.php
Not Found: /myadmin/scripts/setup.php
Not Found: /MyAdmin/scripts/setup.php
Not Found: /robots.txt
Not Found: /manager/html
Not Found: /cache/global/img/gs.gif
Not Found: /admij
Not Found: /webservice/proxy/validate
Not Found: /cache/global/img/gs.gif
Not Found: /manager/html
Not Found: /cache/global/img/gs.gif
Not Found: /robots.txt
Not Found: /robots.txt
Not Found: /a/
Not Found: /templets/plus/car.htm
Not Found: /templets/plus/car.htm
Not Found: /cache/global/img/gs.gif
Not Found: /muieblackcat
Not Found: /phpMyAdmin/scripts/setup.php
Not Found: /pma/scripts/setup.php
Not Found: /myadmin/scripts/setup.php
Not Found: /MyAdmin/scripts/setup.php
Not Found: /scripts/setup.php
Not Found: /admin/scripts/setup.php
Not Found: /admin/pma/scripts/setup.php
Not Found: /admin/phpmyadmin/scripts/setup.php
Not Found: /db/scripts/setup.php
Not Found: /dbadmin/scripts/setup.php
Not Found: /myadmin/scripts/setup.php
Not Found: /mysql/scripts/setup.php
Not Found: /mysqladmin/scripts/setup.php
Not Found: /typo3/phpmyadmin/scripts/setup.php
Not Found: /phpadmin/scripts/setup.php
Not Found: /pma/scripts/setup.php
Not Found: /web/phpMyAdmin/scripts/setup.php
Not Found: /xampp/phpmyadmin/scripts/setup.php
Not Found: /web/scripts/setup.php
Not Found: /php-my-admin/scripts/setup.php
Not Found: /websql/scripts/setup.php
Not Found: /phpMyAdmin-2/scripts/setup.php
Not Found: /_phpmyadmin/scripts/setup.php
Not Found: /administrator/components/com_joommyadmin/phpmyadmin/scripts/setup.php
Not Found: /apache-default/phpmyadmin/scripts/setup.php
Not Found: /cpanelphpmyadmin/scripts/setup.php
Not Found: /cpphpmyadmin/scripts/setup.php
Not Found: /forum/phpmyadmin/scripts/setup.php
Not Found: /php/phpmyadmin/scripts/setup.php
Not Found: /phpmyadmin/scripts/setup.php
Not Found: /phpMyAdmin-2.10.0.0/scripts/setup.php
Not Found: /phpMyAdmin-2.10.0.1/scripts/setup.php
Not Found: /phpMyAdmin-2.10.0.2/scripts/setup.php
Not Found: /phpMyAdmin-2.10.0/scripts/setup.php
Not Found: /phpMyAdmin-2.10.1.0/scripts/setup.php
Not Found: /phpMyAdmin-2.10.2.0/scripts/setup.php
Not Found: /phpMyAdmin-2.11.0.0/scripts/setup.php
Not Found: /phpMyAdmin-2.11.1-all-languages/scripts/setup.php
Not Found: /phpMyAdmin-2.11.1.0/scripts/setup.php
Not Found: /phpMyAdmin-2.11.1.1/scripts/setup.php
Not Found: /phpMyAdmin-2.11.1.2/scripts/setup.php
Not Found: /phpMyAdmin-2.6.1-pl2/scripts/setup.php
Not Found: /phpMyAdmin-2.6.1-pl3/scripts/setup.php
Not Found: /phpMyAdmin-2.6.4-pl3/scripts/setup.php
Not Found: /phpMyAdmin-2.6.4-pl4/scripts/setup.php
Not Found: /phpMyAdmin-2.6.4-rc1/scripts/setup.php
Not Found: /phpMyAdmin-2.6.5/scripts/setup.php
Not Found: /phpMyAdmin-2.6.6/scripts/setup.php
Not Found: /phpMyAdmin-2.6.9/scripts/setup.php
Not Found: /phpMyAdmin-2.7.0-beta1/scripts/setup.php
Not Found: /phpMyAdmin-2.7.0-pl1/scripts/setup.php
Not Found: /phpMyAdmin-2.7.0-pl2/scripts/setup.php
Not Found: /phpMyAdmin-2.7.0-rc1/scripts/setup.php
Not Found: /phpMyAdmin-2.7.5/scripts/setup.php
Not Found: /phpMyAdmin-2.7.6/scripts/setup.php
Not Found: /phpMyAdmin-2.7.7/scripts/setup.php
Not Found: /phpMyAdmin-2.8.2.3/scripts/setup.php
Not Found: /phpMyAdmin-2.8.2/scripts/setup.php
Not Found: /phpMyAdmin-2.8.3/scripts/setup.php
Not Found: /phpMyAdmin-2.8.4/scripts/setup.php
Not Found: /phpMyAdmin-2.8.5/scripts/setup.php
Not Found: /phpMyAdmin-2.8.7/scripts/setup.php
Not Found: /phpMyAdmin-2.8.8/scripts/setup.php
Not Found: /phpMyAdmin-2.8.9/scripts/setup.php
Not Found: /phpMyAdmin-2.9.0-rc1/scripts/setup.php
Not Found: /phpMyAdmin-2.9.0.2/scripts/setup.php
Not Found: /phpMyAdmin-2.9.0/scripts/setup.php
Not Found: /phpMyAdmin-2.9.1/scripts/setup.php
Not Found: /phpMyAdmin-2.9.2/scripts/setup.php
Not Found: /phpMyAdmin-2/scripts/setup.php
Not Found: /phpMyAdmin-3.0.0-rc1-english/scripts/setup.php
Not Found: /phpMyAdmin-3.0.0.0-all-languages/scripts/setup.php
Not Found: /phpMyAdmin-3.0.1.0-english/scripts/setup.php
Not Found: /phpMyAdmin-3.0.1.0/scripts/setup.php
Not Found: /phpMyAdmin-3.0.1.1/scripts/setup.php
Not Found: /phpMyAdmin-3.1.0.0/scripts/setup.php
Not Found: /phpMyAdmin-3.1.2.0-all-languages/scripts/setup.php
Not Found: /phpMyAdmin-3.1.2.0/scripts/setup.php
Not Found: /phpMyAdmin-3.4.3.1/scripts/setup.php
Not Found: /phpMyAdmin2/scripts/setup.php
Not Found: /phpMyAdmin3/scripts/setup.php
Not Found: /cache/global/img/gs.gif
Not Found: /webservice/proxy/validate
Not Found: /webdav
Not Found: /robots.txt
Not Found: /templets/plus/car.htm
Not Found: /robots.txt
Not Found: /robots.txt
Not Found: /cache/global/img/gs.gif
Not Found: /admin/config.php
Not Found: /admin/config.php
Not Found: /404/search_children.js
Not Found: /ccvv
Not Found: /phpmyadmin/
[2018-04-24 16:36:19 +0800] [2376] [CRITICAL] WORKER TIMEOUT (pid:2606)
[2018-04-24 08:36:19 +0000] [2606] [INFO] Worker exiting (pid: 2606)
/home/mcq/sites/hellooying.xyz/MCQ_Blog
/home/mcq/sites/hellooying.xyz/MCQ_Blog
/home/mcq/sites/hellooying.xyz/MCQ_Blog
/home/mcq/sites/hellooying.xyz/MCQ_Blog
/home/mcq/sites/hellooying.xyz/MCQ_Blog
/home/mcq/sites/hellooying.xyz/MCQ_Blog
/home/mcq/sites/hellooying.xyz/MCQ_Blog
/home/mcq/sites/hellooying.xyz/MCQ_Blog
/home/mcq/sites/hellooying.xyz/MCQ_Blog
/home/mcq/sites/hellooying.xyz/MCQ_Blog
/home/mcq/sites/hellooying.xyz/MCQ_Blog
/home/mcq/sites/hellooying.xyz/MCQ_Blog
/home/mcq/sites/hellooying.xyz/MCQ_Blog
/home/mcq/sites/hellooying.xyz/MCQ_Blog
/home/mcq/sites/hellooying.xyz/MCQ_Blog
/home/mcq/sites/hellooying.xyz/MCQ_Blog
/home/mcq/sites/hellooying.xyz/MCQ_Blog
/home/mcq/sites/hellooying.xyz/MCQ_Blog
/home/mcq/sites/hellooying.xyz/MCQ_Blog
/home/mcq/sites/hellooying.xyz/MCQ_Blog
/home/mcq/sites/hellooying.xyz/MCQ_Blog
/home/mcq/sites/hellooying.xyz/MCQ_Blog
/home/mcq/sites/hellooying.xyz/MCQ_Blog
/home/mcq/sites/hellooying.xyz/MCQ_Blog
/home/mcq/sites/hellooying.xyz/MCQ_Blog
/home/mcq/sites/hellooying.xyz/MCQ_Blog
/home/mcq/sites/hellooying.xyz/MCQ_Blog
/home/mcq/sites/hellooying.xyz/MCQ_Blog
/home/mcq/sites/hellooying.xyz/MCQ_Blog
/home/mcq/sites/hellooying.xyz/MCQ_Blog
/home/mcq/sites/hellooying.xyz/MCQ_Blog
/home/mcq/sites/hellooying.xyz/MCQ_Blog
/home/mcq/sites/hellooying.xyz/MCQ_Blog
/home/mcq/sites/hellooying.xyz/MCQ_Blog
[2018-04-24 16:36:19 +0800] [5496] [INFO] Booting worker with pid: 5496
Not Found: /robots.txt
Not Found: /core/modules/language/language.info.yml
Not Found: /index.php
Not Found: /phpmyadmin/index.php
Not Found: /phpMyAdmin/index.php
Not Found: /pmd/index.php
Not Found: /pma/index.php
Not Found: /PMA/index.php
Not Found: /PMA2/index.php
Not Found: /pmamy/index.php
Not Found: /pmamy2/index.php
Not Found: /mysql/index.php
Not Found: /admin/index.php
Not Found: /db/index.php
Not Found: /dbadmin/index.php
Not Found: /web/phpMyAdmin/index.php
Not Found: /admin/pma/index.php
Not Found: /admin/PMA/index.php
Not Found: /admin/mysql/index.php
Not Found: /admin/mysql2/index.php
Not Found: /admin/phpmyadmin/index.php
Not Found: /admin/phpMyAdmin/index.php
Not Found: /admin/phpmyadmin2/index.php
Not Found: /mysqladmin/index.php
Not Found: /mysql-admin/index.php
Not Found: /phpadmin/index.php
Not Found: /phpmyadmin0/index.php
Not Found: /phpmyadmin1/index.php
Not Found: /phpmyadmin2/index.php
Not Found: /myadmin/index.php
Not Found: /myadmin2/index.php
Not Found: /xampp/phpmyadmin/index.php
Not Found: /phpMyadmin_bak/index.php
Not Found: /www/phpMyAdmin/index.php
Not Found: /tools/phpMyAdmin/index.php
Not Found: /phpmyadmin-old/index.php
Not Found: /pma-old/index.php
Not Found: /claroline/phpMyAdmin/index.php
Not Found: /typo3/phpmyadmin/index.php
Not Found: /phpma/index.php
Not Found: /phpmyadmin/phpmyadmin/index.php
Not Found: /phpMyAdmin/phpMyAdmin/index.php
Not Found: /web.config
Not Found: /robots.txt
Not Found: /cache/global/img/gs.gif
Not Found: /user/register
Not Found: /user/register
Not Found: /current_config/passwd
Not Found: /cache/global/img/gs.gif
Not Found: /cache/global/img/gs.gif
Not Found: /cache/global/img/gs.gif
Not Found: /phpmyadmin/
Not Found: /PMA/
Not Found: /dbadmin/
Not Found: /pma/
Not Found: /db/
Not Found: /robots.txt
Not Found: /sdk
Not Found: /nmaplowercheck1524655547
Not Found: /HNAP1
Not Found: /web_caps/webCapsConfig
Not Found: /ifixwebspace/
Not Found: /navigation.html
Not Found: /robots.txt
Not Found: /robots.txt
Not Found: /cache/global/img/gs.gif
Not Found: /cache/global/img/gs.gif
Not Found: /w00tw00t.at.blackhats.romanian.anti-sec:)
Not Found: /phpMyAdmin/scripts/setup.php
Not Found: /phpmyadmin/scripts/setup.php
Not Found: /pma/scripts/setup.php
Not Found: /myadmin/scripts/setup.php
Not Found: /MyAdmin/scripts/setup.php
Not Found: /sdk
Not Found: /nmaplowercheck1524696731
Not Found: /HNAP1
[2018-04-26 08:31:02 +0800] [2376] [CRITICAL] WORKER TIMEOUT (pid:5496)
[2018-04-26 00:31:02 +0000] [5496] [INFO] Worker exiting (pid: 5496)
/home/mcq/sites/hellooying.xyz/MCQ_Blog
/home/mcq/sites/hellooying.xyz/MCQ_Blog
[2018-04-26 08:31:02 +0800] [7147] [INFO] Booting worker with pid: 7147
Not Found: /index.php
Not Found: /phpmyadmin/index.php
Not Found: /phpMyAdmin/index.php
Not Found: /pmd/index.php
Not Found: /pma/index.php
Not Found: /PMA/index.php
Not Found: /PMA2/index.php
Not Found: /pmamy/index.php
Not Found: /pmamy2/index.php
Not Found: /mysql/index.php
Not Found: /admin/index.php
Not Found: /db/index.php
Not Found: /dbadmin/index.php
Not Found: /web/phpMyAdmin/index.php
Not Found: /admin/pma/index.php
Not Found: /admin/PMA/index.php
Not Found: /admin/mysql/index.php
Not Found: /admin/mysql2/index.php
Not Found: /admin/phpmyadmin/index.php
Not Found: /admin/phpMyAdmin/index.php
Not Found: /admin/phpmyadmin2/index.php
Not Found: /mysqladmin/index.php
Not Found: /mysql-admin/index.php
Not Found: /phpadmin/index.php
Not Found: /phpmyadmin0/index.php
Not Found: /phpmyadmin1/index.php
Not Found: /phpmyadmin2/index.php
Not Found: /myadmin/index.php
Not Found: /myadmin2/index.php
Not Found: /xampp/phpmyadmin/index.php
Not Found: /phpMyadmin_bak/index.php
Not Found: /www/phpMyAdmin/index.php
Not Found: /tools/phpMyAdmin/index.php
Not Found: /phpmyadmin-old/index.php
Not Found: /phpMyAdminold/index.php
Not Found: /pma-old/index.php
Not Found: /claroline/phpMyAdmin/index.php
Not Found: /typo3/phpmyadmin/index.php
Not Found: /phpma/index.php
Not Found: /phpmyadmin/phpmyadmin/index.php
Not Found: /phpMyAdmin/phpMyAdmin/index.php
Not Found: /w00tw00t.at.blackhats.romanian.anti-sec:)
Not Found: /phpMyAdmin/scripts/setup.php
Not Found: /myadmin/scripts/setup.php
Not Found: /robots.txt
Not Found: /CHANGELOG.txt
Not Found: /robots.txt
Not Found: /cache/global/img/gs.gif
Not Found: /phpmyadmin/
Not Found: /PMA/
Not Found: /dbadmin/
Not Found: /pma/
Not Found: /db/
Not Found: /cache/global/img/gs.gif
Not Found: /hndUnblock.cgi
Not Found: /tmUnblock.cgi
Not Found: /moo
Not Found: /getcfg.php
Not Found: /getcfg.php
Not Found: /cache/global/img/gs.gif
Not Found: /phpmyadmin/
Not Found: /PMA/
Not Found: /dbadmin/
Not Found: /pma/
Not Found: /db/
Not Found: /tftp/
Not Found: /phpmyadmin/
Not Found: /PMA/
Not Found: /dbadmin/
Not Found: /pma/
Not Found: /db/
Not Found: /phpmyadmin/
Not Found: /PMA/
Not Found: /dbadmin/
Not Found: /pma/
Not Found: /db/
Not Found: /phpmyadmin/
Not Found: /PMA/
Not Found: /dbadmin/
Not Found: /pma/
Not Found: /db/
Not Found: /404/search_children.js
Not Found: /phpmyadmin/
Not Found: /PMA/
Not Found: /dbadmin/
Not Found: /pma/
Not Found: /db/
Not Found: /plus/mytag_js.php
Not Found: /plus/recommend.php
Not Found: /plus/search.php
Not Found: /plus/search.php
Not Found: /install/index.php.bak
Not Found: /utility/convert/index.php
Not Found: /index.php
Not Found: /news/html
Not Found: /shopadmin/index.php
Not Found: /login.action
Not Found: /login.action
Not Found: /NewsType.asp
Not Found: /index.php
Not Found: /phpmyadmin/index.php
Not Found: /phpMyAdmin/index.php
Not Found: /pmd/index.php
Not Found: /pma/index.php
Not Found: /PMA/index.php
Not Found: /PMA2/index.php
Not Found: /pmamy/index.php
Not Found: /pmamy2/index.php
Not Found: /mysql/index.php
Not Found: /admin/index.php
Not Found: /db/index.php
Not Found: /dbadmin/index.php
Not Found: /web/phpMyAdmin/index.php
Not Found: /admin/pma/index.php
Not Found: /admin/PMA/index.php
Not Found: /admin/mysql/index.php
Not Found: /admin/phpmyadmin/index.php
Not Found: /admin/phpMyAdmin/index.php
Not Found: /admin/phpmyadmin2/index.php
Not Found: /mysqladmin/index.php
Not Found: /mysql-admin/index.php
Not Found: /phpadmin/index.php
Not Found: /phpmyadmin0/index.php
Not Found: /phpmyadmin1/index.php
Not Found: /phpmyadmin2/index.php
Not Found: /myadmin/index.php
Not Found: /myadmin2/index.php
Not Found: /xampp/phpmyadmin/index.php
Not Found: /phpMyadmin_bak/index.php
Not Found: /www/phpMyAdmin/index.php
Not Found: /tools/phpMyAdmin/index.php
Not Found: /phpmyadmin-old/index.php
Not Found: /pma-old/index.php
Not Found: /typo3/phpmyadmin/index.php
Not Found: /phpma/index.php
Not Found: /phpmyadmin/phpmyadmin/index.php
Not Found: /phpMyAdmin/phpMyAdmin/index.php
Not Found: /cache/global/img/gs.gif
Not Found: /phpmyadmin/
Not Found: /PMA/
Not Found: /dbadmin/
Not Found: /pma/
Not Found: /db/
Not Found: /phpmyadmin/
Not Found: /PMA/
Not Found: /dbadmin/
Not Found: /pma/
Not Found: /db/
Not Found: /robots.txt
Not Found: /phpmyadmin/
Not Found: /PMA/
Not Found: /dbadmin/
Not Found: /pma/
Not Found: /db/
Not Found: /spa/
Not Found: /ata/
Not Found: /snom/
Not Found: /xml/
Not Found: /cfg/
Not Found: /prov/
Not Found: /phone/
Not Found: /cisco/
Not Found: /zyxel/
Not Found: /backup/
Not Found: /phones/
Not Found: /config/
Not Found: /var/
Not Found: /usr/
Not Found: /aastra/
Not Found: /sipura/
Not Found: /linksys/
Not Found: /root/
Not Found: /yealink/
Not Found: /polycom/
Not Found: /configs/
Not Found: /tftproot/
Not Found: /provision/
Not Found: /grandstream/
Not Found: /tftpboot/
Not Found: /tftpphone/
Not Found: /vicidial/
Not Found: /provisioning/
Not Found: /3CX/
Not Found: /overrides/
Not Found: /ftp/
Not Found: /etc/
Not Found: /phpmyadmin/
Not Found: /PMA/
Not Found: /dbadmin/
Not Found: /pma/
Not Found: /db/
Not Found: /cache/global/img/gs.gif
Not Found: /robots.txt
Not Found: /cache/global/img/gs.gif
Not Found: /phpmyadmin/
Not Found: /PMA/
Not Found: /dbadmin/
Not Found: /pma/
Not Found: /db/
Not Found: /robots.txt
Not Found: /jmx-console/HtmlAdaptor
Not Found: /cache/global/img/gs.gif
Not Found: /update.php
Not Found: /wp-login.php
Not Found: /ccvv
Not Found: /phpmyadmin/
Not Found: /PMA/
Not Found: /dbadmin/
Not Found: /pma/
Not Found: /db/
Not Found: /phpmyadmin/
Not Found: /PMA/
Not Found: /dbadmin/
Not Found: /pma/
Not Found: /db/
Not Found: /robots.txt
Not Found: /phpmyadmin/
Not Found: /PMA/
Not Found: /dbadmin/
Not Found: /pma/
Not Found: /db/
Not Found: /phpmyadmin/
Not Found: /PMA/
Not Found: /dbadmin/
Not Found: /pma/
Not Found: /db/
Not Found: /robots.txt
Not Found: /robots.txt
Not Found: /cache/global/img/gs.gif
Not Found: /ata/
Not Found: /xml/
Not Found: /prov/
Not Found: /cisco/
Not Found: /phone/
Not Found: /phones/
Not Found: /polycom/
Not Found: /configs/
Not Found: /yealink/
Not Found: /tftpboot/
Not Found: /grandstream/
Not Found: /cfg/
Not Found: /backup/
Not Found: /aastra/
Not Found: /sipura/
Not Found: /linksys/
Not Found: /tftpphone/
Not Found: /provision/
Not Found: /overrides/
Not Found: /tftproot/
Not Found: /provisioning/
Not Found: /ftp/
Not Found: /robots.txt
Not Found: /jmx-console/HtmlAdaptor
Not Found: /cache/global/img/gs.gif
Not Found: /cache/global/img/gs.gif
Not Found: /robots.txt
Not Found: /robots.txt
Not Found: /sitemap.xml
Not Found: /.well-known/security.txt
Not Found: /admin.php
Not Found: /themes/default/js/showdown.js
Not Found: /themes/default/js/showdown.js
Not Found: /cache/global/img/gs.gif
Not Found: /cache/global/img/gs.gif
Not Found: /lottery/v1/Storm/join
Not Found: /lottery/v1/Storm/join
Not Found: /lottery/v1/Storm/join
Not Found: /cache/global/img/gs.gif
Not Found: /404/search_children.js
Not Found: /.git/HEAD
Not Found: /categories
Not Found: /link
Not Found: /phpmyadmin/
Not Found: /PMA/
Not Found: /dbadmin/
Not Found: /pma/
Not Found: /db/
Not Found: /muieblackcat
Not Found: /phpmyadmin/scripts/setup.php
Not Found: /phpMyAdmin/scripts/setup.ph
Not Found: /mysqladmin/scripts/setup.php
Not Found: /robots.txt
Forbidden (CSRF cookie not set.): /
Forbidden (CSRF cookie not set.): /
Forbidden (CSRF cookie not set.): /
Forbidden (CSRF cookie not set.): /
Forbidden (CSRF cookie not set.): /
Forbidden (CSRF cookie not set.): /
Forbidden (CSRF cookie not set.): /
Forbidden (CSRF cookie not set.): /
Forbidden (CSRF cookie not set.): /
Forbidden (CSRF cookie not set.): /
Forbidden (CSRF cookie not set.): /
Forbidden (CSRF cookie not set.): /
Forbidden (CSRF cookie not set.): /
Forbidden (CSRF cookie not set.): /
Forbidden (CSRF cookie not set.): /
Forbidden (CSRF cookie not set.): /
Forbidden (CSRF cookie not set.): /
Forbidden (CSRF cookie not set.): /
Forbidden (CSRF cookie not set.): /
Forbidden (CSRF cookie not set.): /
Forbidden (CSRF cookie not set.): /
Forbidden (CSRF cookie not set.): /
Forbidden (CSRF cookie not set.): /
Forbidden (CSRF cookie not set.): /
Not Found: /admin.php
Not Found: /cache/global/img/gs.gif
Forbidden (CSRF cookie not set.): /
Forbidden (CSRF cookie not set.): /
Forbidden (CSRF cookie not set.): /
Forbidden (CSRF cookie not set.): /
Forbidden (CSRF cookie not set.): /
Forbidden (CSRF cookie not set.): /
Forbidden (CSRF cookie not set.): /
Forbidden (CSRF cookie not set.): /
Forbidden (CSRF cookie not set.): /
Not Found: /cache/global/img/gs.gif
Not Found: /robots.txt
Not Found: /.svn/entries
Not Found: /cgi/common.cgi
Not Found: /stssys.htm
Not Found: /command.php
Not Found: /cache/global/img/gs.gif
Not Found: /update.php
Not Found: /pma-old/index.php
Not Found: /db/index.php
Not Found: /.git/config
Not Found: /robots.txt
Not Found: /echo.php
Not Found: /cache/global/img/gs.gif
Not Found: /web/phpMyAdmin/index.php
Not Found: /robots.txt
Not Found: /robots.txt
Not Found: /sitemap.xml
Not Found: /robots.txt
Not Found: /sitemap.xml
Not Found: /.well-known/security.txt
Not Found: /cache/global/img/gs.gif
Not Found: /cache/global/img/gs.gif
Not Found: /echo.php
Not Found: /ccvv
Not Found: /phpmyadmin/
Not Found: /PMA/
Not Found: /dbadmin/
Not Found: /pma/
Not Found: /db/
Not Found: /cache/global/img/gs.gif
Not Found: /cache/global/img/gs.gif
Not Found: /404/search_children.js
Not Found: /robots.txt
Not Found: /echo.php
Not Found: /cache/global/img/gs.gif
Not Found: /cache/global/img/gs.gif
Not Found: /ic.asp
Not Found: /ip
Not Found: /explicit_not_exist_path
Not Found: /index.html
Not Found: /index.php
Not Found: /index.jsp
Not Found: /wp-login.php
Not Found: /readme.html
Not Found: /license.txt
Not Found: /wp-includes/js/wplink.js
Not Found: /wp-admin/js/customize-controls.js
Not Found: /wp-admin/js/nav-menu.js
Not Found: /wp-includes/js/plupload/handlers.js
Not Found: /wp-includes/js/tinymce/wp-tinymce.js.gz
Not Found: /404.html
Not Found: /500.html
Not Found: /stylesheets/application.css
Not Found: /README
Not Found: /robots.txt
Not Found: /phpMyAdmin/
Not Found: /phpmyadmin/
Not Found: /pma/
Not Found: /solr/
Not Found: /wcm/
Not Found: /webfig/roteros.info
Not Found: /cache/global/img/gs.gif
Not Found: /winbox.png
Not Found: /MSD/sql.php
Not Found: /Msd/sql.php
Not Found: /MySQLDumper1.24.4/msd1.24.4/sql.php
Not Found: /MySQLDumper1.24.4/sql.php
Not Found: /MySQLDumper1.24.4stable/sql.php
Not Found: /MySqlDumper/sql.php
Not Found: /Mysqldumper/sql.php
Not Found: /admin/sql.php
Not Found: /admin/sql/sql.php
Not Found: /backup/sql.php
Not Found: /backups/sql.php
Not Found: /database/sql.php
Not Found: /datenbank/sql.php
Not Found: /dump/sql.php
Not Found: /dumper/sql.php
Not Found: /msd/sql.php
Not Found: /msd1.24.2/sql.php
Not Found: /msd1.24.3/sql.php
Not Found: /msd1.24.4/sql.php
Not Found: /msd1.24stable/sql.php
Not Found: /myadmin/sql.php
Not Found: /mysql/sql.php
Not Found: /mysqldumper/sql.php
Not Found: /sql/sql.php
Not Found: /echo.php
Not Found: /w00tw00t.at.blackhats.romanian.anti-sec:)
Not Found: /phpMyAdmin/scripts/setup.php
Not Found: /phpmyadmin/scripts/setup.php
Not Found: /pma/scripts/setup.php
Not Found: /myadmin/scripts/setup.php
Not Found: /MyAdmin/scripts/setup.php
Not Found: /cache/global/img/gs.gif
Not Found: /cache/global/img/gs.gif
Not Found: /phpmyadmin/ChangeLog
Not Found: /phpmyadmin/ChangeLog
Not Found: /phpmyadmin/ChangeLog
Not Found: /robots.txt
Not Found: /sitemap.xml
Not Found: /ads.txt
Not Found: /explicit_not_exist_path
Not Found: /index.html
Not Found: /index.php
Not Found: /index.jsp
Not Found: /wp-login.php
Not Found: /readme.html
Not Found: /license.txt
Not Found: /wp-includes/js/wplink.js
Not Found: /wp-admin/js/customize-controls.js
Not Found: /wp-admin/js/nav-menu.js
Not Found: /wp-includes/js/plupload/handlers.js
Not Found: /wp-includes/js/tinymce/wp-tinymce.js.gz
Not Found: /404.html
Not Found: /500.html
Not Found: /stylesheets/application.css
Not Found: /explicit_not_exist_path
Not Found: /README
Not Found: /explicit_not_exist_path
Not Found: /explicit_not_exist_path
Not Found: /index.html
Not Found: /index.php
Not Found: /index.html
Not Found: /index.jsp
Not Found: /index.php
Not Found: /index.jsp
Not Found: /index.html
Not Found: /index.php
Not Found: /index.jsp
Not Found: /robots.txt
Not Found: /wp-login.php
Not Found: /readme.html
Not Found: /license.txt
Not Found: /wp-includes/js/wplink.js
Not Found: /wp-admin/js/customize-controls.js
Not Found: /wp-admin/js/nav-menu.js
Not Found: /wp-includes/js/plupload/handlers.js
Not Found: /wp-includes/js/tinymce/wp-tinymce.js.gz
Not Found: /phpMyAdmin/
Not Found: /404.html
Not Found: /phpmyadmin/
Not Found: /500.html
Not Found: /pma/
Not Found: /stylesheets/application.css
Not Found: /solr/
Not Found: /README
Not Found: /wcm/
Not Found: /wp-login.php
Not Found: /readme.html
Not Found: /license.txt
Not Found: /wp-includes/js/wplink.js
Not Found: /wp-admin/js/customize-controls.js
Not Found: /wp-admin/js/nav-menu.js
Not Found: /wp-includes/js/plupload/handlers.js
Not Found: /wp-includes/js/tinymce/wp-tinymce.js.gz
Not Found: /wp-login.php
Not Found: /readme.html
Not Found: /license.txt
Not Found: /wp-includes/js/wplink.js
Not Found: /wp-admin/js/customize-controls.js
Not Found: /robots.txt
Not Found: /wp-admin/js/nav-menu.js
Not Found: /wp-includes/js/plupload/handlers.js
Not Found: /404.html
Not Found: /wp-includes/js/tinymce/wp-tinymce.js.gz
Not Found: /500.html
Not Found: /stylesheets/application.css
Not Found: /README
Not Found: /404.html
Not Found: /500.html
Not Found: /stylesheets/application.css
Not Found: /README
Not Found: /phpMyAdmin/
Not Found: /phpmyadmin/
Not Found: /pma/
Not Found: /solr/
Not Found: /wcm/
Not Found: /robots.txt
Not Found: /phpMyAdmin/
Not Found: /phpmyadmin/
Not Found: /robots.txt
Not Found: /pma/
Not Found: /solr/
Not Found: /wcm/
Not Found: /phpMyAdmin/
Not Found: /phpmyadmin/
Not Found: /pma/
Not Found: /solr/
Not Found: /wcm/
Not Found: /cache/global/img/gs.gif
Not Found: /webfig/roteros.info
Not Found: /lottery/v1/Storm/join
Not Found: /lottery/v1/Storm/join
Not Found: /lottery/v1/Storm/join
Not Found: /robots.txt
Not Found: /echo.php
Not Found: /cache/global/img/gs.gif
Not Found: /robots.txt
Not Found: /robots.txt
Not Found: /admin/index.php
Not Found: /cache/global/img/gs.gif
Not Found: /a2billing/admin/Public/index.php
Not Found: /recordings/
Not Found: /jboss.css
Not Found: /is_test
Not Found: /axis2
Not Found: /is_test
Not Found: /console/css/login.css
Not Found: /resource/js/cj.js
Not Found: /is_test
Not Found: /a2billing/admin/Public/index.php
Not Found: /recordings/
Not Found: /cache/global/img/gs.gif
Not Found: /echo.php
Not Found: /cache/global/img/gs.gif
Not Found: /robots.txt
Not Found: /404/search_children.js
Not Found: /cache/global/img/gs.gif
Forbidden (CSRF cookie not set.): /
Not Found: /echo.php
Not Found: /cache/global/img/gs.gif
Not Found: /cache/global/img/gs.gif
Not Found: /cache/global/img/gs.gif
Not Found: /cache/global/img/gs.gif
Not Found: /echo.php
Not Found: /cache/global/img/gs.gif
Not Found: /user/register
Not Found: /GponForm/diag_Form
Not Found: /hndUnblock.cgi
Not Found: /tmUnblock.cgi
Not Found: /moo
Not Found: /getcfg.php
Not Found: /getcfg.php
Not Found: /webfig/roteros.info
Not Found: /cache/global/img/gs.gif
Not Found: /echo.php
Not Found: /GponForm/diag_Form
Not Found: /cache/global/img/gs.gif
Not Found: /lfm.php
Not Found: /.env
Not Found: /sftp-config.json
Not Found: /.ftpconfig
Not Found: /.remote-sync.json
Not Found: /404/search_children.js
Not Found: /cache/global/img/gs.gif
Not Found: /cache/global/img/gs.gif
Not Found: /echo.php
Not Found: /cache/global/img/gs.gif
Not Found: /robots.txt
Not Found: /muieblackcat
Not Found: /phpMyAdmin/scripts/setup.php
Not Found: /phpmyadmin/scripts/setup.php
Not Found: /pma/scripts/setup.php
Not Found: /myadmin/scripts/setup.php
Not Found: /MyAdmin/scripts/setup.php
Not Found: /mysql/scripts/setup.php
Not Found: /scripts/setup.php
Not Found: /mysqladmin/scripts/setup.php
Not Found: /mysql-admin/scripts/setup.php
Not Found: /db/scripts/setup.php
Not Found: /dbadmin/scripts/setup.php
Not Found: /phpmanager/scripts/setup.php
Not Found: /phpmy-admin/scripts/setup.php
Not Found: /p/m/a/scripts/setup.php
Not Found: /webadmin/scripts/setup.php
Not Found: /my/scripts/setup.php
Not Found: /cache/global/img/gs.gif
Not Found: /robots.txt
Not Found: /gitlist/
Not Found: /cache/global/img/gs.gif
Not Found: /cache/global/img/gs.gif
Not Found: /phpMyAdmin/scripts/setup.php
Not Found: /phpmyadmin/scripts/setup.php
Not Found: /pma/scripts/setup.php
Not Found: /myadmin/scripts/setup.php
Not Found: /MyAdmin/scripts/setup.php
Not Found: /BGCC/Tpl/Public/css/login.css
Not Found: /echo.php
Not Found: /sdk
Not Found: /nmaplowercheck1526131700
Not Found: /HNAP1
Not Found: /evox/about
Not Found: /phpmyadmin/
Not Found: /PMA/
Not Found: /dbadmin/
Not Found: /pma/
Not Found: /db/
Not Found: /phpmyadmin/
Not Found: /PMA/
Not Found: /dbadmin/
Not Found: /pma/
Not Found: /db/
Not Found: /phpmyadmin/
Not Found: /PMA/
Not Found: /dbadmin/
Not Found: /pma/
Not Found: /db/
Not Found: /PMA2/index.php
Not Found: /phpmyadmin/
Not Found: /PMA/
Not Found: /dbadmin/
Not Found: /pma/
Not Found: /db/
Not Found: /phpmyadmin/
Not Found: /PMA/
Not Found: /dbadmin/
Not Found: /pma/
Not Found: /db/
Not Found: /phpmyadmin/
Not Found: /PMA/
Not Found: /dbadmin/
Not Found: /pma/
Not Found: /db/
Not Found: /phpmyadmin/
Not Found: /PMA/
Not Found: /dbadmin/
Not Found: /pma/
Not Found: /db/
Not Found: /cache/global/img/gs.gif
Not Found: /phpmyadmin/
Not Found: /PMA/
Not Found: /dbadmin/
Not Found: /pma/
Not Found: /db/
Not Found: /cache/global/img/gs.gif
Not Found: /clientaccesspolicy.xml
Not Found: /phpmyadmin/
Not Found: /PMA/
Not Found: /dbadmin/
Not Found: /pma/
Not Found: /db/
Not Found: /tools/phpMyAdmin/index.php
Not Found: /phpmyadmin/
Not Found: /PMA/
Not Found: /dbadmin/
Not Found: /pma/
Not Found: /db/
Not Found: /echo.php
Not Found: /cache/global/img/gs.gif
Not Found: /robots.txt
Not Found: /ccvv
Not Found: /index.php/Zzz/Index/reg.html
[2018-05-14 00:17:47 +0800] [2376] [INFO] Handling signal: term
[2018-05-13 16:17:47 +0000] [7147] [INFO] Worker exiting (pid: 7147)
/home/mcq/sites/hellooying.xyz/MCQ_Blog
/home/mcq/sites/hellooying.xyz/MCQ_Blog
/home/mcq/sites/hellooying.xyz/MCQ_Blog
/home/mcq/sites/hellooying.xyz/MCQ_Blog
/home/mcq/sites/hellooying.xyz/MCQ_Blog
/home/mcq/sites/hellooying.xyz/MCQ_Blog
/home/mcq/sites/hellooying.xyz/MCQ_Blog
/home/mcq/sites/hellooying.xyz/MCQ_Blog
/home/mcq/sites/hellooying.xyz/MCQ_Blog
/home/mcq/sites/hellooying.xyz/MCQ_Blog
/home/mcq/sites/hellooying.xyz/MCQ_Blog
/home/mcq/sites/hellooying.xyz/MCQ_Blog
/home/mcq/sites/hellooying.xyz/MCQ_Blog
/home/mcq/sites/hellooying.xyz/MCQ_Blog
/home/mcq/sites/hellooying.xyz/MCQ_Blog
/home/mcq/sites/hellooying.xyz/MCQ_Blog
/home/mcq/sites/hellooying.xyz/MCQ_Blog
/home/mcq/sites/hellooying.xyz/MCQ_Blog
/home/mcq/sites/hellooying.xyz/MCQ_Blog
/home/mcq/sites/hellooying.xyz/MCQ_Blog
/home/mcq/sites/hellooying.xyz/MCQ_Blog
/home/mcq/sites/hellooying.xyz/MCQ_Blog
/home/mcq/sites/hellooying.xyz/MCQ_Blog
/home/mcq/sites/hellooying.xyz/MCQ_Blog
/home/mcq/sites/hellooying.xyz/MCQ_Blog
/home/mcq/sites/hellooying.xyz/MCQ_Blog
/home/mcq/sites/hellooying.xyz/MCQ_Blog
/home/mcq/sites/hellooying.xyz/MCQ_Blog
/home/mcq/sites/hellooying.xyz/MCQ_Blog
[2018-05-14 00:17:48 +0800] [2376] [INFO] Shutting down: Master
[2018-05-14 09:57:28 +0800] [3195] [INFO] Starting gunicorn 19.7.1
[2018-05-14 09:57:28 +0800] [3195] [INFO] Listening at: unix:/tmp/47.95.214.83.socket (3195)
[2018-05-14 09:57:28 +0800] [3195] [INFO] Using worker: sync
[2018-05-14 09:57:28 +0800] [3198] [INFO] Booting worker with pid: 3198
Not Found: /5757
[2018-05-14 09:57:52 +0800] [3195] [INFO] Handling signal: hup
[2018-05-14 09:57:52 +0800] [3195] [INFO] Hang up: Master
[2018-05-14 09:57:52 +0800] [3250] [INFO] Booting worker with pid: 3250
Forbidden (CSRF cookie not set.): /
Not Found: /wls-wsat/CoordinatorPortType
Not Found: /index.php
Not Found: /phpmyadmin/index.php
Not Found: /phpMyAdmin/index.php
Not Found: /pmd/index.php
Not Found: /pma/index.php
Not Found: /PMA/index.php
Not Found: /PMA2/index.php
Not Found: /pmamy/index.php
Not Found: /pmamy2/index.php
Not Found: /mysql/index.php
Not Found: /admin/index.php
Not Found: /db/index.php
Not Found: /dbadmin/index.php
Not Found: /web/phpMyAdmin/index.php
Not Found: /admin/pma/index.php
Not Found: /admin/PMA/index.php
Not Found: /admin/mysql/index.php
Not Found: /admin/mysql2/index.php
Not Found: /admin/phpmyadmin/index.php
Not Found: /admin/phpMyAdmin/index.php
Not Found: /admin/phpmyadmin2/index.php
Not Found: /mysqladmin/index.php
Not Found: /mysql-admin/index.php
Not Found: /phpadmin/index.php
Not Found: /phpmyadmin0/index.php
Not Found: /phpmyadmin1/index.php
Not Found: /phpmyadmin2/index.php
Not Found: /myadmin/index.php
Not Found: /myadmin2/index.php
Not Found: /xampp/phpmyadmin/index.php
Not Found: /phpMyadmin_bak/index.php
Not Found: /www/phpMyAdmin/index.php
Not Found: /tools/phpMyAdmin/index.php
Not Found: /phpmyadmin-old/index.php
Not Found: /phpMyAdminold/index.php
Not Found: /pma-old/index.php
Not Found: /claroline/phpMyAdmin/index.php
Not Found: /typo3/phpmyadmin/index.php
Not Found: /phpma/index.php
Not Found: /phpmyadmin/phpmyadmin/index.php
Not Found: /phpMyAdmin/phpMyAdmin/index.php
Not Found: /5757
[2018-05-14 11:22:08 +0800] [14205] [INFO] Booting worker with pid: 14205
[2018-05-14 11:22:23 +0800] [14209] [INFO] Booting worker with pid: 14209
Not Found: /5757
Not Found: /5757
[2018-05-14 11:23:12 +0800] [14212] [INFO] Booting worker with pid: 14212
[2018-05-14 03:23:42 +0000] [14212] [INFO] Parent changed, shutting down: <Worker 14212>
[2018-05-14 03:23:42 +0000] [14212] [INFO] Worker exiting (pid: 14212)
[2018-05-14 11:45:05 +0800] [14761] [INFO] Starting gunicorn 19.7.1
[2018-05-14 11:45:05 +0800] [14761] [INFO] Listening at: unix:/tmp/47.95.214.83.socket (14761)
[2018-05-14 11:45:05 +0800] [14761] [INFO] Using worker: sync
[2018-05-14 11:45:05 +0800] [14764] [INFO] Booting worker with pid: 14764
[2018-05-14 11:48:18 +0800] [14761] [INFO] Handling signal: int
[2018-05-14 03:48:18 +0000] [14764] [INFO] Worker exiting (pid: 14764)
[2018-05-14 11:48:18 +0800] [14761] [INFO] Shutting down: Master
[2018-05-14 11:50:56 +0800] [14900] [INFO] Starting gunicorn 19.7.1
[2018-05-14 11:50:56 +0800] [14900] [INFO] Listening at: unix:/tmp/47.95.214.83.socket (14900)
[2018-05-14 11:50:56 +0800] [14900] [INFO] Using worker: sync
[2018-05-14 11:50:56 +0800] [14903] [INFO] Booting worker with pid: 14903
[2018-05-14 14:35:32 +0800] [15096] [INFO] Booting worker with pid: 15096
[2018-05-14 14:35:32 +0800] [14900] [INFO] Handling signal: hup
[2018-05-14 14:35:32 +0800] [14900] [INFO] Hang up: Master
[2018-05-14 14:35:32 +0800] [15100] [INFO] Booting worker with pid: 15100
[2018-05-14 06:35:32 +0000] [15096] [INFO] Worker exiting (pid: 15096)
[2018-05-14 07:05:58 +0000] [15100] [INFO] Parent changed, shutting down: <Worker 15100>
[2018-05-14 07:05:58 +0000] [15100] [INFO] Worker exiting (pid: 15100)
/home/mcq/sites/hellooying.xyz/MCQ_Blog
/home/mcq/sites/hellooying.xyz/MCQ_Blog
/home/mcq/sites/hellooying.xyz/MCQ_Blog
/home/mcq/sites/hellooying.xyz/MCQ_Blog
[2018-05-14 15:06:17 +0800] [16332] [INFO] Starting gunicorn 19.7.1
[2018-05-14 15:06:17 +0800] [16332] [INFO] Listening at: unix:/tmp/47.95.214.83.socket (16332)
[2018-05-14 15:06:17 +0800] [16332] [INFO] Using worker: sync
[2018-05-14 15:06:17 +0800] [16335] [INFO] Booting worker with pid: 16335
[2018-05-14 15:06:50 +0800] [16332] [INFO] Handling signal: hup
[2018-05-14 15:06:50 +0800] [16332] [INFO] Hang up: Master
[2018-05-14 15:06:50 +0800] [16537] [INFO] Booting worker with pid: 16537
Not Found: /shell.php
Not Found: /shell.php
Not Found: /shell.php
[2018-05-14 15:33:00 +0800] [16332] [CRITICAL] WORKER TIMEOUT (pid:16537)
[2018-05-14 07:33:00 +0000] [16537] [INFO] Worker exiting (pid: 16537)
/home/mcq/sites/hellooying.xyz/MCQ_Blog
/home/mcq/sites/hellooying.xyz/MCQ_Blog
/home/mcq/sites/hellooying.xyz/MCQ_Blog
/home/mcq/sites/hellooying.xyz/MCQ_Blog
/home/mcq/sites/hellooying.xyz/MCQ_Blog
/home/mcq/sites/hellooying.xyz/MCQ_Blog
[2018-05-14 15:33:01 +0800] [18050] [INFO] Booting worker with pid: 18050
[2018-05-14 15:34:52 +0800] [16332] [CRITICAL] WORKER TIMEOUT (pid:18050)
[2018-05-14 07:34:52 +0000] [18050] [INFO] Worker exiting (pid: 18050)
/home/mcq/sites/hellooying.xyz/MCQ_Blog
/home/mcq/sites/hellooying.xyz/MCQ_Blog
/home/mcq/sites/hellooying.xyz/MCQ_Blog
/home/mcq/sites/hellooying.xyz/MCQ_Blog
[2018-05-14 15:34:52 +0800] [18116] [INFO] Booting worker with pid: 18116
[2018-05-14 15:35:23 +0800] [16332] [CRITICAL] WORKER TIMEOUT (pid:18116)
[2018-05-14 07:35:23 +0000] [18116] [INFO] Worker exiting (pid: 18116)
[2018-05-14 15:35:23 +0800] [18138] [INFO] Booting worker with pid: 18138
[2018-05-14 15:51:23 +0800] [18884] [INFO] Booting worker with pid: 18884
[2018-05-14 15:52:02 +0800] [18909] [INFO] Booting worker with pid: 18909
[2018-05-14 15:52:21 +0800] [18933] [INFO] Booting worker with pid: 18933
[2018-05-14 15:52:34 +0800] [18936] [INFO] Booting worker with pid: 18936
[2018-05-14 15:52:42 +0800] [18955] [INFO] Booting worker with pid: 18955
[2018-05-14 07:52:57 +0000] [18955] [INFO] Parent changed, shutting down: <Worker 18955>
[2018-05-14 07:52:57 +0000] [18955] [INFO] Worker exiting (pid: 18955)
[2018-05-14 15:58:54 +0800] [19215] [INFO] Starting gunicorn 19.7.1
[2018-05-14 15:58:54 +0800] [19215] [INFO] Listening at: unix:/tmp/47.95.214.83.socket (19215)
[2018-05-14 15:58:54 +0800] [19215] [INFO] Using worker: sync
[2018-05-14 15:58:54 +0800] [19218] [INFO] Booting worker with pid: 19218
[2018-05-14 15:59:35 +0800] [19215] [INFO] Handling signal: hup
[2018-05-14 15:59:35 +0800] [19215] [INFO] Hang up: Master
[2018-05-14 15:59:35 +0800] [19236] [INFO] Booting worker with pid: 19236
[2018-05-14 17:15:58 +0800] [19215] [CRITICAL] WORKER TIMEOUT (pid:19236)
[2018-05-14 09:15:58 +0000] [19236] [INFO] Worker exiting (pid: 19236)
/home/mcq/sites/hellooying.xyz/MCQ_Blog
/home/mcq/sites/hellooying.xyz/MCQ_Blog
/home/mcq/sites/hellooying.xyz/MCQ_Blog
/home/mcq/sites/hellooying.xyz/MCQ_Blog
[2018-05-14 17:15:58 +0800] [21941] [INFO] Booting worker with pid: 21941
[2018-05-14 17:21:43 +0800] [19215] [CRITICAL] WORKER TIMEOUT (pid:21941)
[2018-05-14 09:21:43 +0000] [21941] [INFO] Worker exiting (pid: 21941)
/home/mcq/sites/hellooying.xyz/MCQ_Blog
/home/mcq/sites/hellooying.xyz/MCQ_Blog
/home/mcq/sites/hellooying.xyz/MCQ_Blog
/home/mcq/sites/hellooying.xyz/MCQ_Blog
/home/mcq/sites/hellooying.xyz/MCQ_Blog
/home/mcq/sites/hellooying.xyz/MCQ_Blog
[2018-05-14 17:21:43 +0800] [22198] [INFO] Booting worker with pid: 22198
[2018-05-14 17:22:14 +0800] [19215] [CRITICAL] WORKER TIMEOUT (pid:22198)
[2018-05-14 09:22:14 +0000] [22198] [INFO] Worker exiting (pid: 22198)
[2018-05-14 17:22:14 +0800] [22216] [INFO] Booting worker with pid: 22216
[2018-05-14 17:22:58 +0800] [19215] [CRITICAL] WORKER TIMEOUT (pid:22216)
[2018-05-14 09:22:58 +0000] [22216] [INFO] Worker exiting (pid: 22216)
[2018-05-14 17:22:58 +0800] [22417] [INFO] Booting worker with pid: 22417
[2018-05-14 17:23:29 +0800] [19215] [CRITICAL] WORKER TIMEOUT (pid:22417)
[2018-05-14 09:23:29 +0000] [22417] [INFO] Worker exiting (pid: 22417)
[2018-05-14 17:23:29 +0800] [22435] [INFO] Booting worker with pid: 22435
Not Found: /echo.php
Not Found: /cache/global/img/gs.gif
Not Found: /cache/global/img/gs.gif
Not Found: /404/search_children.js
[2018-05-15 07:46:02 +0800] [19215] [CRITICAL] WORKER TIMEOUT (pid:22435)
[2018-05-14 23:46:02 +0000] [22435] [INFO] Worker exiting (pid: 22435)
/home/mcq/sites/hellooying.xyz/MCQ_Blog
/home/mcq/sites/hellooying.xyz/MCQ_Blog
/home/mcq/sites/hellooying.xyz/MCQ_Blog
/home/mcq/sites/hellooying.xyz/MCQ_Blog
/home/mcq/sites/hellooying.xyz/MCQ_Blog
/home/mcq/sites/hellooying.xyz/MCQ_Blog
/home/mcq/sites/hellooying.xyz/MCQ_Blog
/home/mcq/sites/hellooying.xyz/MCQ_Blog
/home/mcq/sites/hellooying.xyz/MCQ_Blog
/home/mcq/sites/hellooying.xyz/MCQ_Blog
[2018-05-15 07:46:03 +0800] [19058] [INFO] Booting worker with pid: 19058
[2018-05-15 07:46:34 +0800] [19215] [CRITICAL] WORKER TIMEOUT (pid:19058)
[2018-05-14 23:46:34 +0000] [19058] [INFO] Worker exiting (pid: 19058)
[2018-05-15 07:46:34 +0800] [19076] [INFO] Booting worker with pid: 19076
[2018-05-15 07:47:05 +0800] [19215] [CRITICAL] WORKER TIMEOUT (pid:19076)
[2018-05-14 23:47:05 +0000] [19076] [INFO] Worker exiting (pid: 19076)
[2018-05-15 07:47:05 +0800] [19094] [INFO] Booting worker with pid: 19094
[2018-05-15 12:59:21 +0800] [19215] [CRITICAL] WORKER TIMEOUT (pid:19094)
[2018-05-15 04:59:21 +0000] [19094] [INFO] Worker exiting (pid: 19094)
[2018-05-15 12:59:21 +0800] [29261] [INFO] Booting worker with pid: 29261
Not Found: /cache/global/img/gs.gif
Not Found: /echo.php
Not Found: /api.php/Home/Activityforcedetail/index
Not Found: /manager/html
[2018-05-16 01:00:20 +0800] [19215] [CRITICAL] WORKER TIMEOUT (pid:29261)
[2018-05-15 17:00:20 +0000] [29261] [INFO] Worker exiting (pid: 29261)
/home/mcq/sites/hellooying.xyz/MCQ_Blog
[2018-05-16 01:00:21 +0800] [21063] [INFO] Booting worker with pid: 21063
Not Found: /cache/global/img/gs.gif
Not Found: /cache/global/img/gs.gif
Not Found: /cgi/common.cgi
Not Found: /stssys.htm
Not Found: /command.php
Not Found: /upload/bank-icons/bank-gh.jpg
Not Found: /upload/bank-icons/bank_16.png
Not Found: /clientaccesspolicy.xml
Not Found: /core/modules/language/language.info.yml
Not Found: /phpmyadmin/
Not Found: /PMA/
Not Found: /dbadmin/
Not Found: /pma/
Not Found: /db/
Not Found: /cache/global/img/gs.gif
Not Found: /.git/index
Not Found: /robots.txt
Not Found: /redirect.php
Not Found: /echo.php
Not Found: /cache/global/img/gs.gif
[2018-05-16 23:09:01 +0800] [32722] [INFO] Starting gunicorn 19.7.1
[2018-05-16 23:09:01 +0800] [32722] [INFO] Listening at: unix:/tmp/47.95.214.83.socket (32722)
[2018-05-16 23:09:01 +0800] [32722] [INFO] Using worker: sync
[2018-05-16 23:09:01 +0800] [32725] [INFO] Booting worker with pid: 32725
[2018-05-16 23:09:23 +0800] [32722] [INFO] Handling signal: hup
[2018-05-16 23:09:23 +0800] [32722] [INFO] Hang up: Master
[2018-05-16 23:09:23 +0800] [465] [INFO] Booting worker with pid: 465
Not Found: /cache/global/img/gs.gif
Not Found: /cache/global/img/gs.gif
Not Found: /clientaccesspolicy.xml
Not Found: /robots.txt
Not Found: /sitemap.xml
Not Found: /cache/global/img/gs.gif
Not Found: /roots.php
Not Found: /cache/global/img/gs.gif
Not Found: /cache/global/img/gs.gif
Not Found: /404/search_children.js
Not Found: /cache/global/img/gs.gif
Not Found: /ubus
Not Found: /echo.php
Not Found: /cache/global/img/gs.gif
Not Found: /cache/global/img/gs.gif
Not Found: /myadmin/index.php
Not Found: /nmaplowercheck1526680473
Not Found: /sdk
Not Found: /evox/about
Not Found: /HNAP1
Not Found: /sftp-config.json
Not Found: /.ftpconfig
Not Found: /.remote-sync.json
Not Found: /.vscode/ftp-sync.json
Not Found: /.vscode/sftp.json
Not Found: /deployment-config.json
Not Found: /ftpsync.settings
Not Found: /WS_FTP.ini
Not Found: /ws_ftp.ini
Not Found: /WS_FTP.INI
Not Found: /filezilla.xml
Not Found: /sitemanager.xml
Not Found: /FileZilla.xml
Not Found: /winscp.ini
Not Found: /WinSCP.ini
Not Found: /id_rsa
Not Found: /id_dsa
Not Found: /.ssh/id_rsa
Not Found: /.ssh/id_dsa
Not Found: /.ssh/id_ecdsa
Not Found: /.ssh/id_ed25519
Not Found: /.idea/WebServers.xml
Not Found: /webautoset/index/
Not Found: /web-cache.php
Not Found: /cache/global/img/gs.gif
[2018-05-20 07:51:31 +0800] [32722] [CRITICAL] WORKER TIMEOUT (pid:465)
[2018-05-19 23:51:31 +0000] [465] [INFO] Worker exiting (pid: 465)
/home/mcq/sites/hellooying.xyz/MCQ_Blog
/home/mcq/sites/hellooying.xyz/MCQ_Blog
/home/mcq/sites/hellooying.xyz/MCQ_Blog
/home/mcq/sites/hellooying.xyz/MCQ_Blog
/home/mcq/sites/hellooying.xyz/MCQ_Blog
/home/mcq/sites/hellooying.xyz/MCQ_Blog
/home/mcq/sites/hellooying.xyz/MCQ_Blog
/home/mcq/sites/hellooying.xyz/MCQ_Blog
/home/mcq/sites/hellooying.xyz/MCQ_Blog
/home/mcq/sites/hellooying.xyz/MCQ_Blog
/home/mcq/sites/hellooying.xyz/MCQ_Blog
/home/mcq/sites/hellooying.xyz/MCQ_Blog
/home/mcq/sites/hellooying.xyz/MCQ_Blog
/home/mcq/sites/hellooying.xyz/MCQ_Blog
/home/mcq/sites/hellooying.xyz/MCQ_Blog
/home/mcq/sites/hellooying.xyz/MCQ_Blog
/home/mcq/sites/hellooying.xyz/MCQ_Blog
[2018-05-20 07:51:31 +0800] [18479] [INFO] Booting worker with pid: 18479
Not Found: /ccvv
Not Found: /cache/global/img/gs.gif
Not Found: /echo.php
Not Found: /blog/
Not Found: /phpMyAdmin/index.php
Not Found: /pmd/index.php
Not Found: /cache/global/img/gs.gif
Not Found: /robots.txt
Not Found: /lieats.php
[2018-05-21 23:14:31 +0800] [32722] [CRITICAL] WORKER TIMEOUT (pid:18479)
[2018-05-21 15:14:31 +0000] [18479] [INFO] Worker exiting (pid: 18479)
[2018-05-21 23:14:32 +0800] [20426] [INFO] Booting worker with pid: 20426
Not Found: /cache/global/img/gs.gif
Not Found: /404/search_children.js
Not Found: /index.php
Not Found: /cache/global/img/gs.gif
Not Found: /explicit_not_exist_path
Not Found: /index.html
Not Found: /index.php
Not Found: /index.jsp
Not Found: /wp-login.php
Not Found: /readme.html
Not Found: /license.txt
Not Found: /wp-includes/js/wplink.js
Not Found: /wp-admin/js/customize-controls.js
Not Found: /wp-admin/js/nav-menu.js
Not Found: /wp-includes/js/plupload/handlers.js
Not Found: /wp-includes/js/tinymce/wp-tinymce.js.gz
Not Found: /404.html
Not Found: /500.html
Not Found: /stylesheets/application.css
Not Found: /README
Not Found: /robots.txt
Not Found: /phpMyAdmin/
Not Found: /phpmyadmin/
Not Found: /pma/
Not Found: /solr/
Not Found: /wcm/
Not Found: /robots.txt
Not Found: /sitemap.xml
Not Found: /.well-known/security.txt
Not Found: /webservice/proxy/validate
Not Found: /lottery/v1/Storm/join
Not Found: /AppSmallTV/join
Not Found: /echo.php
Not Found: /robots.txt
Not Found: /sitemap.xml
Not Found: /.well-known/security.txt
Not Found: /cache/global/img/gs.gif
Not Found: /xmlrpc-activate.php
Not Found: /explicit_not_exist_path
Not Found: /index.html
Not Found: /index.php
Not Found: /index.jsp
Not Found: /wp-login.php
Not Found: /readme.html
Not Found: /license.txt
Not Found: /explicit_not_exist_path
Not Found: /wp-includes/js/wplink.js
Not Found: /wp-admin/js/customize-controls.js
Not Found: /wp-admin/js/nav-menu.js
Not Found: /wp-includes/js/plupload/handlers.js
Not Found: /wp-includes/js/tinymce/wp-tinymce.js.gz
Not Found: /explicit_not_exist_path
Not Found: /404.html
Not Found: /index.html
Not Found: /500.html
Not Found: /index.php
Not Found: /stylesheets/application.css
Not Found: /index.html
Not Found: /explicit_not_exist_path
Not Found: /index.jsp
Not Found: /index.php
Not Found: /README
Not Found: /index.jsp
Not Found: /index.html
Not Found: /index.php
Not Found: /index.jsp
Not Found: /robots.txt
Not Found: /phpMyAdmin/
Not Found: /wp-login.php
Not Found: /phpmyadmin/
Not Found: /pma/
Not Found: /solr/
Not Found: /wcm/
Not Found: /readme.html
Not Found: /license.txt
Not Found: /wp-includes/js/wplink.js
Not Found: /wp-login.php
Not Found: /wp-admin/js/customize-controls.js
Not Found: /readme.html
Not Found: /wp-admin/js/nav-menu.js
Not Found: /license.txt
Not Found: /wp-includes/js/plupload/handlers.js
Not Found: /wp-includes/js/wplink.js
Not Found: /wp-includes/js/tinymce/wp-tinymce.js.gz
Not Found: /wp-admin/js/customize-controls.js
Not Found: /wp-admin/js/nav-menu.js
Not Found: /wp-login.php
Not Found: /404.html
Not Found: /wp-includes/js/plupload/handlers.js
Not Found: /readme.html
Not Found: /500.html
Not Found: /wp-includes/js/tinymce/wp-tinymce.js.gz
Not Found: /license.txt
Not Found: /stylesheets/application.css
Not Found: /wp-includes/js/wplink.js
Not Found: /README
Not Found: /404.html
Not Found: /wp-admin/js/customize-controls.js
Not Found: /500.html
Not Found: /wp-admin/js/nav-menu.js
Not Found: /stylesheets/application.css
Not Found: /wp-includes/js/plupload/handlers.js
Not Found: /README
Not Found: /wp-includes/js/tinymce/wp-tinymce.js.gz
Not Found: /404.html
Not Found: /500.html
Not Found: /stylesheets/application.css
Not Found: /README
Not Found: /robots.txt
Not Found: /phpMyAdmin/
Not Found: /phpmyadmin/
Not Found: /pma/
Not Found: /solr/
Not Found: /robots.txt
Not Found: /wcm/
Not Found: /phpMyAdmin/
Not Found: /robots.txt
Not Found: /phpmyadmin/
Not Found: /pma/
Not Found: /solr/
Not Found: /phpMyAdmin/
Not Found: /wcm/
Not Found: /phpmyadmin/
Not Found: /pma/
Not Found: /solr/
Not Found: /wcm/
Not Found: /cache/global/img/gs.gif
[2018-05-23 07:37:48 +0800] [32722] [CRITICAL] WORKER TIMEOUT (pid:20426)
[2018-05-22 23:37:48 +0000] [20426] [INFO] Worker exiting (pid: 20426)
[2018-05-23 07:37:48 +0800] [22132] [INFO] Booting worker with pid: 22132
Not Found: /cache/global/img/gs.gif
Not Found: /cache/global/img/gs.gif
Not Found: /wp-post.php
Not Found: /categories
Not Found: /echo.php
Not Found: /htdocs.zip
Not Found: /htdocs.rar
Not Found: /RPC2_Login
Not Found: /ISAPI/Security/userCheck
Not Found: /PSIA/Custom/SelfExt/userCheck
Not Found: /ISAPI/Security/userCheck
Not Found: /monitor2.htm
Not Found: /monitor2.htm
Not Found: /monitor2.htm
Not Found: /index.htm
Not Found: /index.htm
Not Found: /index.htm
Not Found: /index.php
Not Found: /login.php
Not Found: /main.php
Not Found: /login.php
Not Found: /login.html
Not Found: /cgi-bin/index.htm
[2018-05-24 01:49:44 +0800] [32722] [CRITICAL] WORKER TIMEOUT (pid:22132)
[2018-05-23 17:49:44 +0000] [22132] [INFO] Worker exiting (pid: 22132)
/home/mcq/sites/hellooying.xyz/MCQ_Blog
[2018-05-24 01:49:44 +0800] [22876] [INFO] Booting worker with pid: 22876
Not Found: /cache/global/img/gs.gif
Not Found: /cache/global/img/gs.gif
Not Found: /downloader/
[2018-05-24 08:48:07 +0800] [32722] [CRITICAL] WORKER TIMEOUT (pid:22876)
[2018-05-24 00:48:07 +0000] [22876] [INFO] Worker exiting (pid: 22876)
[2018-05-24 08:48:07 +0800] [23321] [INFO] Booting worker with pid: 23321
Not Found: /include-sql.php
Not Found: /nmaplowercheck1527148302
Not Found: /sdk
Not Found: /HNAP1
Not Found: /evox/about
Not Found: /GponForm/diag_Form
Not Found: /echo.php
[2018-05-24 21:40:44 +0800] [32722] [CRITICAL] WORKER TIMEOUT (pid:23321)
[2018-05-24 13:40:44 +0000] [23321] [INFO] Worker exiting (pid: 23321)
[2018-05-24 21:40:44 +0800] [23829] [INFO] Booting worker with pid: 23829
Not Found: /cache/global/img/gs.gif
Not Found: /sitemap.xml
Not Found: /.well-known/security.txt
Not Found: /cache/global/img/gs.gif
[2018-05-25 06:44:05 +0800] [32722] [CRITICAL] WORKER TIMEOUT (pid:23829)
[2018-05-24 22:44:05 +0000] [23829] [INFO] Worker exiting (pid: 23829)
[2018-05-25 06:44:06 +0800] [24360] [INFO] Booting worker with pid: 24360
Not Found: /cache/global/img/gs.gif
Not Found: /404/search_children.js
[2018-05-25 11:21:17 +0800] [32722] [CRITICAL] WORKER TIMEOUT (pid:24360)
[2018-05-25 03:21:17 +0000] [24360] [INFO] Worker exiting (pid: 24360)
[2018-05-25 11:21:17 +0800] [24528] [INFO] Booting worker with pid: 24528
Not Found: /web-cache.php
Not Found: /.env
Not Found: /hndUnblock.cgi
Not Found: /tmUnblock.cgi
Not Found: /moo
Not Found: /getcfg.php
Not Found: /getcfg.php
Not Found: /webfig/roteros.info
[2018-05-25 13:33:41 +0800] [32722] [CRITICAL] WORKER TIMEOUT (pid:24528)
[2018-05-25 05:33:41 +0000] [24528] [INFO] Worker exiting (pid: 24528)
[2018-05-25 13:33:41 +0800] [24613] [INFO] Booting worker with pid: 24613
Not Found: /ccvv
Not Found: /cache/global/img/gs.gif
Not Found: /downloader/
Not Found: /core/CHANGELOG.txt
Not Found: /muieblackcat
Not Found: /phpMyAdmin/scripts/setup.php
Not Found: /phpmyadmin/scripts/setup.php
Not Found: /pma/scripts/setup.php
Not Found: /myadmin/scripts/setup.php
Not Found: /MyAdmin/scripts/setup.php
Not Found: /echo.php
Not Found: /robots.txt
Not Found: /cache/global/img/gs.gif
Not Found: /cache/global/img/gs.gif
Not Found: /Marvins.php
Not Found: /cache/global/img/gs.gif
Not Found: /cache/global/img/gs.gif
Not Found: /robots.txt
Not Found: /echo.php
Not Found: /cache/global/img/gs.gif
Not Found: /gtde.php
Not Found: /cache/global/img/gs.gif
Not Found: /cache/global/img/gs.gif
Not Found: /GponForm/diag_Form
[2018-05-27 08:32:34 +0800] [32722] [CRITICAL] WORKER TIMEOUT (pid:24613)
[2018-05-27 00:32:34 +0000] [24613] [INFO] Worker exiting (pid: 24613)
/home/mcq/sites/hellooying.xyz/MCQ_Blog
/home/mcq/sites/hellooying.xyz/MCQ_Blog
/home/mcq/sites/hellooying.xyz/MCQ_Blog
/home/mcq/sites/hellooying.xyz/MCQ_Blog
/home/mcq/sites/hellooying.xyz/MCQ_Blog
/home/mcq/sites/hellooying.xyz/MCQ_Blog
/home/mcq/sites/hellooying.xyz/MCQ_Blog
/home/mcq/sites/hellooying.xyz/MCQ_Blog
/home/mcq/sites/hellooying.xyz/MCQ_Blog
/home/mcq/sites/hellooying.xyz/MCQ_Blog
[2018-05-27 08:32:34 +0800] [23902] [INFO] Booting worker with pid: 23902
Not Found: /robots.txt
Not Found: /cache/global/img/gs.gif
Not Found: /cache/global/img/gs.gif
Not Found: /echo.php
Not Found: /echo.php
Not Found: /xmlrpc.php
[2018-05-27 19:58:38 +0800] [32722] [CRITICAL] WORKER TIMEOUT (pid:23902)
[2018-05-27 11:58:38 +0000] [23902] [INFO] Worker exiting (pid: 23902)
[2018-05-27 19:58:38 +0800] [13978] [INFO] Booting worker with pid: 13978
Not Found: /cache/global/img/gs.gif
Not Found: /controller.php
Not Found: /www/phpMyAdmin/index.php
Not Found: /cache/global/img/gs.gif
Not Found: /cache/global/img/gs.gif
Not Found: /echo.php
Not Found: /phpMyAdmin/index.php
Not Found: /pmd/index.php
Not Found: /cache/global/img/gs.gif
Not Found: /404/search_children.js
[2018-05-29 08:09:18 +0800] [32722] [CRITICAL] WORKER TIMEOUT (pid:13978)
[2018-05-29 00:09:18 +0000] [13978] [INFO] Worker exiting (pid: 13978)
/home/mcq/sites/hellooying.xyz/MCQ_Blog
/home/mcq/sites/hellooying.xyz/MCQ_Blog
/home/mcq/sites/hellooying.xyz/MCQ_Blog
[2018-05-29 08:09:18 +0800] [11908] [INFO] Booting worker with pid: 11908
Not Found: /webfig/roteros.info
[2018-05-29 14:17:14 +0800] [32722] [CRITICAL] WORKER TIMEOUT (pid:11908)
[2018-05-29 06:17:14 +0000] [11908] [INFO] Worker exiting (pid: 11908)
[2018-05-29 14:17:14 +0800] [24982] [INFO] Booting worker with pid: 24982
Not Found: /echo.php
Not Found: /BGCC/Tpl/Public/css/login.css
Not Found: /robots.txt
Not Found: /cache/global/img/gs.gif
Not Found: /cgi/common.cgi
Not Found: /stssys.htm
Not Found: /command.php
Not Found: /currentsetting.htm
Not Found: /cache/global/img/gs.gif
Not Found: /cache/global/img/gs.gif
[2018-05-30 08:48:00 +0800] [32722] [CRITICAL] WORKER TIMEOUT (pid:24982)
[2018-05-30 00:48:00 +0000] [24982] [INFO] Worker exiting (pid: 24982)
[2018-05-30 08:48:00 +0800] [25907] [INFO] Booting worker with pid: 25907
Not Found: /robots.txt
Not Found: /sitemap.xml
Not Found: /.well-known/security.txt
Not Found: /cache/global/img/gs.gif
Not Found: /RPC2
Not Found: /echo.php
[2018-05-30 17:55:32 +0800] [32722] [CRITICAL] WORKER TIMEOUT (pid:25907)
[2018-05-30 09:55:32 +0000] [25907] [INFO] Worker exiting (pid: 25907)
[2018-05-30 17:55:32 +0800] [26285] [INFO] Booting worker with pid: 26285
Not Found: /muieblackcat
Not Found: /phpMyAdmin/scripts/setup.php
Not Found: /phpmyadmin/scripts/setup.php
Not Found: /pma/scripts/setup.php
Not Found: /myadmin/scripts/setup.php
Not Found: /MyAdmin/scripts/setup.php
Not Found: /robots.txt
Not Found: /cache/global/img/gs.gif
[2018-05-31 07:00:21 +0800] [32722] [CRITICAL] WORKER TIMEOUT (pid:26285)
[2018-05-30 23:00:21 +0000] [26285] [INFO] Worker exiting (pid: 26285)
/home/mcq/sites/hellooying.xyz/MCQ_Blog
/home/mcq/sites/hellooying.xyz/MCQ_Blog
/home/mcq/sites/hellooying.xyz/MCQ_Blog
[2018-05-31 07:00:21 +0800] [26948] [INFO] Booting worker with pid: 26948
[2018-05-31 07:19:11 +0800] [32722] [CRITICAL] WORKER TIMEOUT (pid:26948)
[2018-05-30 23:19:11 +0000] [26948] [INFO] Worker exiting (pid: 26948)
[2018-05-31 07:19:11 +0800] [26965] [INFO] Booting worker with pid: 26965
Not Found: /admin/index.php
Not Found: /cache/global/img/gs.gif
[2018-05-31 12:54:08 +0800] [32722] [CRITICAL] WORKER TIMEOUT (pid:26965)
[2018-05-31 04:54:08 +0000] [26965] [INFO] Worker exiting (pid: 26965)
/home/mcq/sites/hellooying.xyz/MCQ_Blog
[2018-05-31 12:54:08 +0800] [27241] [INFO] Booting worker with pid: 27241
[2018-05-31 13:28:23 +0800] [32722] [CRITICAL] WORKER TIMEOUT (pid:27241)
[2018-05-31 05:28:23 +0000] [27241] [INFO] Worker exiting (pid: 27241)
/home/mcq/sites/hellooying.xyz/MCQ_Blog
/home/mcq/sites/hellooying.xyz/MCQ_Blog
/home/mcq/sites/hellooying.xyz/MCQ_Blog
/home/mcq/sites/hellooying.xyz/MCQ_Blog
/home/mcq/sites/hellooying.xyz/MCQ_Blog
[2018-05-31 13:28:23 +0800] [27266] [INFO] Booting worker with pid: 27266
[2018-05-31 14:02:18 +0800] [32722] [CRITICAL] WORKER TIMEOUT (pid:27266)
[2018-05-31 06:02:18 +0000] [27266] [INFO] Worker exiting (pid: 27266)
[2018-05-31 14:02:18 +0800] [27282] [INFO] Booting worker with pid: 27282
[2018-05-31 14:14:49 +0800] [32722] [CRITICAL] WORKER TIMEOUT (pid:27282)
[2018-05-31 06:14:49 +0000] [27282] [INFO] Worker exiting (pid: 27282)
[2018-05-31 14:14:49 +0800] [27292] [INFO] Booting worker with pid: 27292
Not Found: /echo.php
Not Found: /cache/global/img/gs.gif
Not Found: /configuration.php
Not Found: /robots.txt
Not Found: /cache/global/img/gs.gif
Not Found: /user/register/
Not Found: /user/register/
Not Found: /404/search_children.js
Not Found: /cache/global/img/gs.gif
[2018-06-01 11:02:26 +0800] [32722] [CRITICAL] WORKER TIMEOUT (pid:27292)
[2018-06-01 03:02:26 +0000] [27292] [INFO] Worker exiting (pid: 27292)
/home/mcq/sites/hellooying.xyz/MCQ_Blog
/home/mcq/sites/hellooying.xyz/MCQ_Blog
/home/mcq/sites/hellooying.xyz/MCQ_Blog
/home/mcq/sites/hellooying.xyz/MCQ_Blog
/home/mcq/sites/hellooying.xyz/MCQ_Blog
/home/mcq/sites/hellooying.xyz/MCQ_Blog
[2018-06-01 11:02:26 +0800] [31928] [INFO] Booting worker with pid: 31928
[2018-06-01 12:34:46 +0800] [32722] [CRITICAL] WORKER TIMEOUT (pid:31928)
[2018-06-01 04:34:46 +0000] [31928] [INFO] Worker exiting (pid: 31928)
/home/mcq/sites/hellooying.xyz/MCQ_Blog
[2018-06-01 12:34:46 +0800] [32272] [INFO] Booting worker with pid: 32272
Not Found: /wp-pols.php
Not Found: /cache/global/img/gs.gif
Not Found: /cache/global/img/gs.gif
Not Found: /cache/global/img/gs.gif
[2018-06-01 15:51:59 +0800] [32722] [CRITICAL] WORKER TIMEOUT (pid:32272)
[2018-06-01 07:51:59 +0000] [32272] [INFO] Worker exiting (pid: 32272)
[2018-06-01 15:51:59 +0800] [32385] [INFO] Booting worker with pid: 32385
Not Found: /echo.php
Not Found: /ccvv
Not Found: /cache/global/img/gs.gif
Not Found: /echo.php
Not Found: /w00tw00t.at.blackhats.romanian.anti-sec:)
Not Found: /phpMyAdmin/scripts/setup.php
Not Found: /phpmyadmin/scripts/setup.php
Not Found: /pma/scripts/setup.php
Not Found: /myadmin/scripts/setup.php
Not Found: /robots.txt
Not Found: /cache/global/img/gs.gif
[2018-06-02 09:23:32 +0800] [32722] [CRITICAL] WORKER TIMEOUT (pid:32385)
[2018-06-02 01:23:32 +0000] [32385] [INFO] Worker exiting (pid: 32385)
[2018-06-02 09:23:32 +0800] [828] [INFO] Booting worker with pid: 828
Not Found: /cache/global/img/gs.gif
[2018-06-02 16:38:51 +0800] [32722] [CRITICAL] WORKER TIMEOUT (pid:828)
[2018-06-02 08:38:51 +0000] [828] [INFO] Worker exiting (pid: 828)
[2018-06-02 16:38:51 +0800] [1103] [INFO] Booting worker with pid: 1103
Not Found: /echo.php
Not Found: /echo.php
Not Found: /user/register/
Not Found: /robots.txt
Not Found: /robots.txt
Not Found: /robots.txt
Not Found: /robots.txt
Not Found: /robots.txt
Not Found: /tmp.php
Not Found: /cache/global/img/gs.gif
Not Found: /cache/global/img/gs.gif
Not Found: /cache/global/img/gs.gif
Not Found: /phpMyAdmin/index.PhP
Not Found: /phpMyAdmin/ index.PhP
[2018-06-03 11:42:14 +0800] [32722] [CRITICAL] WORKER TIMEOUT (pid:1103)
[2018-06-03 03:42:14 +0000] [1103] [INFO] Worker exiting (pid: 1103)
/home/mcq/sites/hellooying.xyz/MCQ_Blog
/home/mcq/sites/hellooying.xyz/MCQ_Blog
/home/mcq/sites/hellooying.xyz/MCQ_Blog
/home/mcq/sites/hellooying.xyz/MCQ_Blog
[2018-06-03 11:42:14 +0800] [10085] [INFO] Booting worker with pid: 10085
Not Found: /cache/global/img/gs.gif
Not Found: /cache/global/img/gs.gif
Not Found: /echo.php
Not Found: /cache/global/img/gs.gif
Not Found: /cache/global/img/gs.gif
Not Found: /robots.txt
Not Found: /a/zixun/shitingyule/2018/0522/1562.html
Not Found: /winbox.png
Not Found: /overlay.php
[2018-06-04 18:15:14 +0800] [32722] [CRITICAL] WORKER TIMEOUT (pid:10085)
[2018-06-04 10:15:14 +0000] [10085] [INFO] Worker exiting (pid: 10085)
/home/mcq/sites/hellooying.xyz/MCQ_Blog
/home/mcq/sites/hellooying.xyz/MCQ_Blog
/home/mcq/sites/hellooying.xyz/MCQ_Blog
/home/mcq/sites/hellooying.xyz/MCQ_Blog
/home/mcq/sites/hellooying.xyz/MCQ_Blog
/home/mcq/sites/hellooying.xyz/MCQ_Blog
[2018-06-04 18:15:14 +0800] [28803] [INFO] Booting worker with pid: 28803
Forbidden (CSRF cookie not set.): /
Not Found: /phpma/index.php
Not Found: /echo.php
Not Found: /robots.txt
[2018-06-04 23:59:03 +0800] [32722] [CRITICAL] WORKER TIMEOUT (pid:28803)
[2018-06-04 15:59:03 +0000] [28803] [INFO] Worker exiting (pid: 28803)
[2018-06-04 23:59:03 +0800] [29909] [INFO] Booting worker with pid: 29909
Not Found: /webfig/icons.info
Not Found: /cache/global/img/gs.gif
Not Found: /templets/default/style/dedecms.css
Not Found: /404/search_children.js
Not Found: /cache/global/img/gs.gif
Not Found: /ccvv
[2018-06-05 14:37:46 +0800] [32722] [CRITICAL] WORKER TIMEOUT (pid:29909)
[2018-06-05 06:37:46 +0000] [29909] [INFO] Worker exiting (pid: 29909)
[2018-06-05 14:37:46 +0800] [30938] [INFO] Booting worker with pid: 30938
Not Found: /echo.php
Not Found: /cache/global/img/gs.gif
Not Found: /cache/global/img/gs.gif
Not Found: /cache/global/img/gs.gif
Not Found: /robots.txt
Not Found: /hndUnblock.cgi
Not Found: /tmUnblock.cgi
Not Found: /moo
Not Found: /getcfg.php
Not Found: /getcfg.php
Not Found: /webfig/roteros.info
[2018-06-06 03:58:06 +0800] [32722] [CRITICAL] WORKER TIMEOUT (pid:30938)
[2018-06-05 19:58:06 +0000] [30938] [INFO] Worker exiting (pid: 30938)
/home/mcq/sites/hellooying.xyz/MCQ_Blog
/home/mcq/sites/hellooying.xyz/MCQ_Blog
[2018-06-06 03:58:06 +0800] [1902] [INFO] Booting worker with pid: 1902
Not Found: /cache/global/img/gs.gif
Not Found: /dbadmin/index.php
Not Found: /l.php
Not Found: /echo.php
Not Found: /webservice/proxy/validate
Not Found: /HNAP1/
Not Found: /cache/global/img/gs.gif
Not Found: /cache/global/img/gs.gif
Not Found: /login.cgi
Not Found: /cache/global/img/gs.gif
Not Found: /echo.php
[2018-06-08 04:07:38 +0800] [32722] [CRITICAL] WORKER TIMEOUT (pid:1902)
[2018-06-07 20:07:38 +0000] [1902] [INFO] Worker exiting (pid: 1902)
/home/mcq/sites/hellooying.xyz/MCQ_Blog
/home/mcq/sites/hellooying.xyz/MCQ_Blog
/home/mcq/sites/hellooying.xyz/MCQ_Blog
/home/mcq/sites/hellooying.xyz/MCQ_Blog
/home/mcq/sites/hellooying.xyz/MCQ_Blog
[2018-06-08 04:07:38 +0800] [27033] [INFO] Booting worker with pid: 27033
Not Found: /cache/global/img/gs.gif
Not Found: /404/search_children.js
Not Found: /admin/index.php
[2018-06-08 12:49:26 +0800] [32722] [CRITICAL] WORKER TIMEOUT (pid:27033)
[2018-06-08 04:49:26 +0000] [27033] [INFO] Worker exiting (pid: 27033)
[2018-06-08 12:49:26 +0800] [31963] [INFO] Booting worker with pid: 31963
Not Found: /robots.txt
Not Found: /cache/global/img/gs.gif
Not Found: /echo.php
Not Found: /ccvv
Not Found: /cache/global/img/gs.gif
Not Found: /robots.txt
Not Found: /modules/modules.php
Not Found: /echo.php
Not Found: /cache/global/img/gs.gif
Not Found: /cache/global/img/gs.gif
Not Found: /robots.txt
Not Found: /11.php
Not Found: /echo.php
Not Found: /cache/global/img/gs.gif
Not Found: /upload/bank-icons/bank-gh.jpg
Not Found: /pic.ico
Not Found: /robots.txt
Not Found: /sitemap.xml
Not Found: /.well-known/security.txt
Not Found: /cache/global/img/gs.gif
Not Found: /cache/global/img/gs.gif
Not Found: /layouts/modules.php
[2018-06-11 10:22:29 +0800] [32722] [CRITICAL] WORKER TIMEOUT (pid:31963)
[2018-06-11 02:22:29 +0000] [31963] [INFO] Worker exiting (pid: 31963)
/home/mcq/sites/hellooying.xyz/MCQ_Blog
[2018-06-11 10:22:29 +0800] [4858] [INFO] Booting worker with pid: 4858
Not Found: /cache/global/img/gs.gif
Not Found: /robots.txt
Not Found: /cache/global/img/gs.gif
Not Found: /echo.php
[2018-06-11 23:39:23 +0800] [32722] [CRITICAL] WORKER TIMEOUT (pid:4858)
[2018-06-11 15:39:23 +0000] [4858] [INFO] Worker exiting (pid: 4858)
[2018-06-11 23:39:23 +0800] [5388] [INFO] Booting worker with pid: 5388
Not Found: /cache/global/img/gs.gif
Not Found: /libraries/index.php
Not Found: /w00tw00t.at.blackhats.romanian.anti-sec:)
Not Found: /phpMyAdmin/scripts/setup.php
Not Found: /phpmyadmin/scripts/setup.php
Not Found: /pma/scripts/setup.php
Not Found: /myadmin/scripts/setup.php
Not Found: /_PHPMYADMIN/scripts/setup.php
Not Found: /PHPMYADMIN/scripts/setup.php
Not Found: /_pHpMyAdMiN/scripts/setup.php
Not Found: /_phpMyAdmin/scripts/setup.php
Not Found: /mysql/scripts/setup.php
Not Found: /phpMyAdmin/scripts/db_setup.init.php
Not Found: /phpmyadmin/scripts/db_setup.init.php
Not Found: /admindb/scripts/setup.php
Not Found: /admin/phpmyadmin/scripts/setup.php
Not Found: /admin/phpMyAdmin/scripts/setup.php
Not Found: /admin/scripts/setup.php
Not Found: /apache-default/phpmyadmin/scripts/setup.php
Not Found: /cpanelphpmyadmin/scripts/setup.php
Not Found: /cpphpmyadmin/scripts/setup.php
Not Found: /dbadmin/scripts/setup.php
Not Found: /db/scripts/setup.php
Not Found: /mysqladmin/scripts/setup.php
Not Found: /phpmyadmin2/scripts/setup.php
Not Found: /phpMyAdmin2/scripts/setup.php
Not Found: /phpmyadmin/scripts/setup0.php
Not Found: /phpMyAdmin/scripts/setup0.php
Not Found: /phpmyadmin/scripts/setup1.php
Not Found: /phpMyAdmin/scripts/setup1.php
Not Found: /php-my-admin/scripts/setup.php
Not Found: /phpmyadmin_/scripts/setup.php
Not Found: /phpmyadmin/scripts/_setup.php
Not Found: /phpmyadmin/scripts/Setup.php
Not Found: /phpMyAdmin_/scripts/setup.php
Not Found: /phpMyAdmin/scripts/_setup.php
Not Found: /phpMyAdmin/scripts/Setup.php
Not Found: /PhpMyAdmin/scripts/setup.php
Not Found: /PMA/scripts/setup.php
Not Found: /scripts/setup.php
Not Found: /sql/scripts/setup.php
Not Found: /xampp/phpmyadmin/scripts/setup.php
Not Found: /cache/global/img/gs.gif
Not Found: /404/search_children.js
Not Found: /cache/global/img/gs.gif
Not Found: /.git/config
Not Found: /.env
Not Found: /echo.php
Not Found: /cache/global/img/gs.gif
Not Found: /plugins/modules.php
Not Found: /echo.php
Not Found: /cache/global/img/gs.gif
Not Found: /cache/global/img/gs.gif
Not Found: /manager/html
Not Found: /wp-datas.php
Not Found: /cache/global/img/gs.gif
Not Found: /phpmyadmin/scripts/setup.php
Not Found: /sdk
Not Found: /HNAP1
Not Found: /nmaplowercheck1528885121
Not Found: /evox/about
Not Found: /robots.txt
Not Found: /.well-known/security.txt
Not Found: /echo.php
Not Found: /nmaplowercheck1528894284
Not Found: /sdk
Not Found: /HNAP1
Not Found: /navigation.html
Not Found: /ifixwebspace/
Not Found: /web_caps/webCapsConfig
Not Found: /image/lgbg.jpg
Not Found: /cache/global/img/gs.gif
Not Found: /user/register/
Not Found: /cache/global/img/gs.gif
Not Found: /user/register/
Not Found: /xmlrpz-sql.php
Not Found: /.git/config
Not Found: /echo.php
Not Found: /cache/global/img/gs.gif
Not Found: /cache/global/img/gs.gif
Not Found: /cache/global/img/gs.gif
Not Found: /cache/global/img/gs.gif
Not Found: /404/search_children.js
Not Found: /config.php
Not Found: /phpmyadmin/scripts/setup.php
Not Found: /cache/global/img/gs.gif
Not Found: /up.php
Not Found: /cache/global/img/gs.gif
Not Found: /login.cgi
Not Found: /up.php
Not Found: /configbak.php
Not Found: /echo.php
Not Found: /cache/global/img/gs.gif
Not Found: /ccvv
Not Found: /login.cgi
Not Found: /login.cgi
Not Found: /login.cgi
Not Found: /cache/global/img/gs.gif
Not Found: /login.cgi
Not Found: /login.cgi
Not Found: /login.cgi
Not Found: /login.cgi
Not Found: /robots.txt
Not Found: /imdex.php
Not Found: /login.cgi
Not Found: /login.cgi
Not Found: /login.cgi
Not Found: /login.cgi
Not Found: /login.cgi
Not Found: /login.cgi
Not Found: /login.cgi
Not Found: /login.cgi
Not Found: /cache/global/img/gs.gif
Not Found: /login.cgi
Not Found: /login.cgi
Not Found: /login.cgi
Not Found: /echo.php
Forbidden (CSRF cookie not set.): /
Not Found: /index.php
Not Found: /phpmyadmin/index.php
Not Found: /phpMyAdmin/index.php
Not Found: /pmd/index.php
Not Found: /pma/index.php
Not Found: /PMA/index.php
Not Found: /PMA2/index.php
Not Found: /pmamy/index.php
Not Found: /pmamy2/index.php
Not Found: /mysql/index.php
Not Found: /admin/index.php
Not Found: /db/index.php
Not Found: /dbadmin/index.php
Not Found: /web/phpMyAdmin/index.php
Not Found: /admin/pma/index.php
Not Found: /admin/PMA/index.php
Not Found: /admin/mysql/index.php
Not Found: /admin/mysql2/index.php
Not Found: /admin/phpmyadmin/index.php
Not Found: /admin/phpMyAdmin/index.php
Not Found: /admin/phpmyadmin2/index.php
Not Found: /mysqladmin/index.php
Not Found: /phpadmin/index.php
Not Found: /phpmyadmin0/index.php
Not Found: /phpmyadmin1/index.php
Not Found: /phpmyadmin2/index.php
Not Found: /myadmin/index.php
Not Found: /myadmin2/index.php
Not Found: /xampp/phpmyadmin/index.php
Not Found: /phpMyadmin_bak/index.php
Not Found: /www/phpMyAdmin/index.php
Not Found: /tools/phpMyAdmin/index.php
Not Found: /phpmyadmin-old/index.php
Not Found: /phpMyAdminold/index.php
Not Found: /phpMyAdmin.old/index.php
Not Found: /pma-old/index.php
Not Found: /claroline/phpMyAdmin/index.php
Not Found: /typo3/phpmyadmin/index.php
Not Found: /phpmyadmin/phpmyadmin/index.php
Not Found: /phpMyAdmin/phpMyAdmin/index.php
Not Found: /wuwu11.php
Not Found: /xw.php
Not Found: /xx.php
Not Found: /s.php
Not Found: /w.php
Not Found: /sheep.php
Not Found: /login.cgi
Not Found: /login.cgi
Not Found: /login.cgi
Not Found: /login.cgi
Not Found: /login.cgi
Not Found: /login.cgi
Not Found: /login.cgi
Forbidden (CSRF cookie not set.): /
Not Found: /index.php
Not Found: /phpmyadmin/index.php
Not Found: /phpMyAdmin/index.php
Not Found: /pmd/index.php
Not Found: /pma/index.php
Not Found: /PMA/index.php
Not Found: /PMA2/index.php
Not Found: /pmamy/index.php
Not Found: /pmamy2/index.php
Not Found: /mysql/index.php
Not Found: /admin/index.php
Not Found: /db/index.php
Not Found: /dbadmin/index.php
Not Found: /web/phpMyAdmin/index.php
Not Found: /admin/pma/index.php
Not Found: /admin/PMA/index.php
Not Found: /admin/mysql/index.php
Not Found: /admin/mysql2/index.php
Not Found: /admin/phpmyadmin/index.php
Not Found: /admin/phpMyAdmin/index.php
Not Found: /admin/phpmyadmin2/index.php
Not Found: /mysqladmin/index.php
Not Found: /mysql-admin/index.php
Not Found: /phpadmin/index.php
Not Found: /phpmyadmin0/index.php
Not Found: /phpmyadmin1/index.php
Not Found: /phpmyadmin2/index.php
Not Found: /myadmin/index.php
Not Found: /myadmin2/index.php
Not Found: /xampp/phpmyadmin/index.php
Not Found: /phpMyadmin_bak/index.php
Not Found: /www/phpMyAdmin/index.php
Not Found: /tools/phpMyAdmin/index.php
Not Found: /phpmyadmin-old/index.php
Not Found: /phpMyAdminold/index.php
Not Found: /phpMyAdmin.old/index.php
Not Found: /pma-old/index.php
Not Found: /claroline/phpMyAdmin/index.php
Not Found: /typo3/phpmyadmin/index.php
Not Found: /phpma/index.php
Not Found: /phpmyadmin/phpmyadmin/index.php
Not Found: /phpMyAdmin/phpMyAdmin/index.php
Not Found: /wuwu11.php
Not Found: /xw.php
Not Found: /xx.php
Not Found: /s.php
Not Found: /w.php
Not Found: /sheep.php
Not Found: /login.cgi
Not Found: /login.cgi
Not Found: /login.cgi
Not Found: /cache/global/img/gs.gif
Not Found: /login.cgi
Not Found: /login.cgi
Not Found: /login.cgi
Not Found: /w00tw00t.at.blackhats.romanian.anti-sec:)
Not Found: /phpMyAdmin/scripts/setup.php
Not Found: /phpmyadmin/scripts/setup.php
Not Found: /pma/scripts/setup.php
Not Found: /myadmin/scripts/setup.php
Not Found: /MyAdmin/scripts/setup.php
Not Found: /w00tw00t.at.blackhats.romanian.anti-sec:)
Not Found: /phpMyAdmin/scripts/setup.php
Not Found: /phpmyadmin/scripts/setup.php
Not Found: /pma/scripts/setup.php
Not Found: /myadmin/scripts/setup.php
Not Found: /MyAdmin/scripts/setup.php
Not Found: /login.cgi
Not Found: /redirect.php
Not Found: /phpmyadmin/scripts/db_setup.init.php
Not Found: /cache/global/img/gs.gif
Not Found: /login.cgi
Not Found: /configurationbak.php
Not Found: /login.cgi
[2018-06-17 20:22:48 +0800] [32722] [CRITICAL] WORKER TIMEOUT (pid:5388)
[2018-06-17 12:22:48 +0000] [5388] [INFO] Worker exiting (pid: 5388)
/home/mcq/sites/hellooying.xyz/MCQ_Blog
/home/mcq/sites/hellooying.xyz/MCQ_Blog
/home/mcq/sites/hellooying.xyz/MCQ_Blog
/home/mcq/sites/hellooying.xyz/MCQ_Blog
/home/mcq/sites/hellooying.xyz/MCQ_Blog
/home/mcq/sites/hellooying.xyz/MCQ_Blog
/home/mcq/sites/hellooying.xyz/MCQ_Blog
/home/mcq/sites/hellooying.xyz/MCQ_Blog
/home/mcq/sites/hellooying.xyz/MCQ_Blog
/home/mcq/sites/hellooying.xyz/MCQ_Blog
/home/mcq/sites/hellooying.xyz/MCQ_Blog
/home/mcq/sites/hellooying.xyz/MCQ_Blog
/home/mcq/sites/hellooying.xyz/MCQ_Blog
/home/mcq/sites/hellooying.xyz/MCQ_Blog
/home/mcq/sites/hellooying.xyz/MCQ_Blog
/home/mcq/sites/hellooying.xyz/MCQ_Blog
/home/mcq/sites/hellooying.xyz/MCQ_Blog
/home/mcq/sites/hellooying.xyz/MCQ_Blog
/home/mcq/sites/hellooying.xyz/MCQ_Blog
[2018-06-17 20:22:48 +0800] [11973] [INFO] Booting worker with pid: 11973
Not Found: /login.cgi
Not Found: /login.cgi
Not Found: /login.cgi
Not Found: /login.cgi
Not Found: /login.cgi
Not Found: /login.cgi
Not Found: /login.cgi
Not Found: /login.cgi
Not Found: /login.cgi
Not Found: /phpmyadmin
Not Found: /phpmyadmin
Not Found: /phpMyAdmin/scripts/setup.php
Not Found: /phpmyadmin/scripts/setup.php
Not Found: /pma/scripts/setup.php
Not Found: /myadmin/scripts/setup.php
Not Found: /MyAdmin/scripts/setup.php
Not Found: /echo.php
Not Found: /cache/global/img/gs.gif
Not Found: /login.cgi
Not Found: /login.cgi
Not Found: /robots.txt
Not Found: /phpinfo.php
Not Found: /wp-installation.php
Not Found: /login.cgi
Not Found: /login.cgi
Not Found: /phpMyAdmin/scripts/setup.php
Not Found: /login.cgi
Not Found: /login.cgi
Not Found: /login.cgi
Not Found: /cache.php
Not Found: /login.cgi
Not Found: /login.cgi
Not Found: /phpmyadmin/scripts/db_documentation.init.php
Not Found: /HNAP1/
Not Found: /login.cgi
Not Found: /login.cgi
Not Found: /robots.txt
Not Found: /login.cgi
Not Found: /cache/global/img/gs.gif
Not Found: /wp-logs.php
Not Found: /echo.php
Not Found: /login.cgi
Not Found: /hxcdm/cdm/hxcdm.php
Not Found: /cache/global/img/gs.gif
Not Found: /login.cgi
Not Found: /robots.txt
Not Found: /sitemap.xml
Not Found: /ads.txt
Not Found: /robots.txt
Not Found: /sitemap.xml
Not Found: /.well-known/security.txt
Not Found: /login.cgi
Not Found: /404/search_children.js
Not Found: /phpmyadmin/scripts/setup.php
Not Found: /login.cgi
Not Found: /cache/global/img/gs.gif
Not Found: /login.cgi
Not Found: /robots.txt
Not Found: /phpmyadmin/scripts/setup.php
Not Found: /pma/scripts/setup.php
Not Found: /MyAdmin/scripts/setup.php
Not Found: /echo.php
Not Found: /cache/global/img/gs.gif
Not Found: /echo.php
Not Found: /w00tw00t.at.blackhats.romanian.anti-sec:)
Not Found: /phpMyAdmin/scripts/setup.php
Not Found: /phpmyadmin/scripts/setup.php
Not Found: /pma/scripts/setup.php
Not Found: /myadmin/scripts/setup.php
Not Found: /MyAdmin/scripts/setup.php
Not Found: /wp-feed.php
Not Found: /wp-feed.php
Not Found: /cache/global/img/gs.gif
Not Found: /cache/global/img/gs.gif
Not Found: /login.cgi
[2018-06-20 17:01:20 +0800] [32722] [CRITICAL] WORKER TIMEOUT (pid:11973)
[2018-06-20 09:01:20 +0000] [11973] [INFO] Worker exiting (pid: 11973)
/home/mcq/sites/hellooying.xyz/MCQ_Blog
/home/mcq/sites/hellooying.xyz/MCQ_Blog
/home/mcq/sites/hellooying.xyz/MCQ_Blog
/home/mcq/sites/hellooying.xyz/MCQ_Blog
/home/mcq/sites/hellooying.xyz/MCQ_Blog
/home/mcq/sites/hellooying.xyz/MCQ_Blog
/home/mcq/sites/hellooying.xyz/MCQ_Blog
/home/mcq/sites/hellooying.xyz/MCQ_Blog
/home/mcq/sites/hellooying.xyz/MCQ_Blog
/home/mcq/sites/hellooying.xyz/MCQ_Blog
/home/mcq/sites/hellooying.xyz/MCQ_Blog
/home/mcq/sites/hellooying.xyz/MCQ_Blog
/home/mcq/sites/hellooying.xyz/MCQ_Blog
/home/mcq/sites/hellooying.xyz/MCQ_Blog
[2018-06-20 17:01:20 +0800] [15218] [INFO] Booting worker with pid: 15218
Not Found: /phpMyAdmin/scripts/setup.php
Not Found: /manager/
Not Found: /admin/content/sitetree/
Not Found: /simpla/
Not Found: /js/mage/cookies.js
Not Found: /robots.txt
Not Found: /w00tw00t.at.blackhats.romanian.anti-sec:)
Not Found: /phpMyAdmin/scripts/setup.php
Not Found: /phpmyadmin/scripts/setup.php
Not Found: /pma/scripts/setup.php
Not Found: /myadmin/scripts/setup.php
Not Found: /MyAdmin/scripts/setup.php
Not Found: /idman630build10.exe
Not Found: /echo.php
Not Found: /cache/global/img/gs.gif
Not Found: /modules/modules/modules.php
Not Found: /cache/global/img/gs.gif
Not Found: /wp-content/plugins/temp.php
Not Found: /wp-content/plugins/temp.php
Not Found: /ccvv
Not Found: /robots.txt
[2018-06-22 01:15:31 +0800] [32722] [CRITICAL] WORKER TIMEOUT (pid:15218)
[2018-06-21 17:15:31 +0000] [15218] [INFO] Worker exiting (pid: 15218)
/home/mcq/sites/hellooying.xyz/MCQ_Blog
/home/mcq/sites/hellooying.xyz/MCQ_Blog
/home/mcq/sites/hellooying.xyz/MCQ_Blog
/home/mcq/sites/hellooying.xyz/MCQ_Blog
[2018-06-22 01:15:31 +0800] [16756] [INFO] Booting worker with pid: 16756
Not Found: /echo.php
Not Found: /wp-includes/Text/Diff/Engine/cache.php
Not Found: /cache/global/img/gs.gif
Not Found: /login.cgi
Not Found: /webservice/proxy/validate
Not Found: /cache/global/img/gs.gif
Not Found: /404/search_children.js
Not Found: /ccvv
Not Found: /index.action
Not Found: /wp-content/indes.php
Not Found: /images/jiangyou.jpg
[2018-06-22 20:50:12 +0800] [32722] [CRITICAL] WORKER TIMEOUT (pid:16756)
[2018-06-22 12:50:12 +0000] [16756] [INFO] Worker exiting (pid: 16756)
[2018-06-22 20:50:12 +0800] [17693] [INFO] Booting worker with pid: 17693
Not Found: /modules/modules/joomla-resize.php
Not Found: /login.cgi
[2018-06-23 01:32:07 +0800] [32722] [CRITICAL] WORKER TIMEOUT (pid:17693)
[2018-06-22 17:32:07 +0000] [17693] [INFO] Worker exiting (pid: 17693)
[2018-06-23 01:32:08 +0800] [17878] [INFO] Booting worker with pid: 17878
Not Found: /cache/global/img/gs.gif
Not Found: /echo.php
Not Found: /cache/global/img/gs.gif
Not Found: /cache/global/img/gs.gif
Not Found: /wp-content/plugins/log.php
Not Found: /wp-content/plugins/log.php
Not Found: /cache/global/img/gs.gif
Not Found: /cgi/common.cgi
Not Found: /stssys.htm
Not Found: /command.php
Not Found: /cache/global/img/gs.gif
[2018-06-24 03:41:43 +0800] [32722] [CRITICAL] WORKER TIMEOUT (pid:17878)
[2018-06-23 19:41:43 +0000] [17878] [INFO] Worker exiting (pid: 17878)
[2018-06-24 03:41:43 +0800] [19077] [INFO] Booting worker with pid: 19077
Not Found: /robots.txt
Not Found: /cache/global/img/gs.gif
Not Found: /echo.php
Not Found: /robots.txt
Not Found: /robots.txt
Not Found: /modules/modules/version.php
Not Found: /cache/global/img/gs.gif
Not Found: /11.php
Not Found: /login.cgi
Not Found: /cache/global/img/gs.gif
Not Found: /robots.txt
Not Found: /phpinfo.php
Not Found: /wp-sbb.php
Not Found: /wp-sbb.php
Not Found: /cache/global/img/gs.gif
Not Found: /cache/global/img/gs.gif
Not Found: /echo.php
Not Found: /cache/global/img/gs.gif
Not Found: /login.cgi
Not Found: /login.cgi
[2018-06-25 23:00:46 +0800] [32722] [CRITICAL] WORKER TIMEOUT (pid:19077)
[2018-06-25 15:00:46 +0000] [19077] [INFO] Worker exiting (pid: 19077)
/home/mcq/sites/hellooying.xyz/MCQ_Blog
[2018-06-25 23:00:46 +0800] [21167] [INFO] Booting worker with pid: 21167
Not Found: /robots.txt
Not Found: /cache/global/img/gs.gif
Not Found: /modules/modules/path.php
Not Found: /echo.php
Not Found: /cache/global/img/gs.gif
Not Found: /LICENSE.php
Not Found: /LICENSE.php
Not Found: /login.cgi
Not Found: /phpmyadmin/scripts/setup.php
Not Found: /404/search_children.js
Not Found: /echo.php
Not Found: /w00tw00t.at.blackhats.romanian.anti-sec:)
Not Found: /myAdmin/scripts/setup.php
Not Found: /mysqladmin/scripts/setup.php
Not Found: /phpmyadmin/scripts/setup.php
Not Found: /pma/scripts/setup.php
Not Found: /scripts/setup.php
Not Found: /setup.php
Not Found: /cache/global/img/gs.gif
Not Found: /blog/
Not Found: /login.cgi
Not Found: /cache/global/img/gs.gif
Not Found: /cache/global/img/gs.gif
Not Found: /cache/global/img/gs.gif
Not Found: /login.cgi
Not Found: /echo.php
Not Found: /cache/global/img/gs.gif
Not Found: /ytt.php
Not Found: /phpmyadmin/scripts/setup.php
Not Found: /components/modules.php
Not Found: /phpmyadmin/scripts/setup.php
Not Found: /robots.txt
Not Found: /cache/global/img/gs.gif
Not Found: /templates/Rebirth/assets/js/wow.min.js
Not Found: /cache/global/img/gs.gif
Not Found: /echo.php
Not Found: /ccvv
Not Found: /query
Not Found: /query
Not Found: /xmlrpc.php
Not Found: /login.cgi
Not Found: /smalls.php
Not Found: /smalls.php
[2018-06-28 19:50:39 +0800] [32722] [CRITICAL] WORKER TIMEOUT (pid:21167)
[2018-06-28 11:50:39 +0000] [21167] [INFO] Worker exiting (pid: 21167)
/home/mcq/sites/hellooying.xyz/MCQ_Blog
/home/mcq/sites/hellooying.xyz/MCQ_Blog
[2018-06-28 19:50:39 +0800] [24424] [INFO] Booting worker with pid: 24424
[2018-06-28 20:29:18 +0800] [32722] [CRITICAL] WORKER TIMEOUT (pid:24424)
[2018-06-28 12:29:18 +0000] [24424] [INFO] Worker exiting (pid: 24424)
[2018-06-28 20:29:18 +0800] [24445] [INFO] Booting worker with pid: 24445
Not Found: /robots.txt
Not Found: /cache/global/img/gs.gif
Not Found: /echo.php
[2018-06-29 07:58:36 +0800] [32722] [CRITICAL] WORKER TIMEOUT (pid:24445)
[2018-06-28 23:58:36 +0000] [24445] [INFO] Worker exiting (pid: 24445)
[2018-06-29 07:58:36 +0800] [25063] [INFO] Booting worker with pid: 25063
Not Found: /cache/global/img/gs.gif
[2018-06-29 12:00:47 +0800] [32722] [CRITICAL] WORKER TIMEOUT (pid:25063)
[2018-06-29 04:00:47 +0000] [25063] [INFO] Worker exiting (pid: 25063)
[2018-06-29 12:00:47 +0800] [25260] [INFO] Booting worker with pid: 25260
Not Found: /404/search_children.js
Not Found: /upload/bank-icons/bank-gh.jpg
Not Found: /user/register/
Not Found: /user/register/
Not Found: /webdav
Not Found: /cache/global/img/gs.gif
Not Found: /cache/global/img/gs.gif
[2018-06-29 20:52:35 +0800] [32722] [CRITICAL] WORKER TIMEOUT (pid:25260)
[2018-06-29 12:52:35 +0000] [25260] [INFO] Worker exiting (pid: 25260)
[2018-06-29 20:52:36 +0800] [25712] [INFO] Booting worker with pid: 25712
Not Found: /robots.txt
Not Found: /cache/global/img/gs.gif
Not Found: /echo.php
Not Found: /robots.txt
[2018-06-30 07:02:35 +0800] [32722] [CRITICAL] WORKER TIMEOUT (pid:25712)
[2018-06-29 23:02:35 +0000] [25712] [INFO] Worker exiting (pid: 25712)
[2018-06-30 07:02:35 +0800] [26290] [INFO] Booting worker with pid: 26290
Not Found: /nmaplowercheck1530334047
Not Found: /HNAP1
Not Found: /sdk
Not Found: /cache/global/img/gs.gif
Not Found: /cache/global/img/gs.gif
Not Found: /cache/global/img/gs.gif
Not Found: /cache/global/img/gs.gif
Not Found: /axis2/
Not Found: /echo.php
Not Found: /11.php
Not Found: /11.php
Not Found: /cache/global/img/gs.gif
Not Found: /login.cgi
Not Found: /muieblackcat
Not Found: /PMA/scripts/setup.php
Not Found: /PHPMYADMIN/scripts/setup.php
Not Found: /pHpMyAdMiN/scripts/setup.php
Not Found: /pma2/scripts/setup.php
Not Found: /administrator/scripts/setup.php
Not Found: /database/scripts/setup.php
Not Found: /sql/scripts/setup.php
Not Found: /php/scripts/setup.php
Not Found: /_phpMyAdmin/scripts/setup.php
Not Found: /PMA2011/
Not Found: /PMA2012/
Not Found: /phpmyadmin3/
Not Found: /phpmyadmin2/
Not Found: /scripts/setup.php
Not Found: /admin/scripts/setup.php
Not Found: /admin/pma/scripts/setup.php
Not Found: /admin/phpmyadmin/scripts/setup.php
Not Found: /db/scripts/setup.php
Not Found: /dbadmin/scripts/setup.php
Not Found: /myadmin/scripts/setup.php
Not Found: /mysql/scripts/setup.php
Not Found: /mysqladmin/scripts/setup.php
Not Found: /typo3/phpmyadmin/scripts/setup.php
Not Found: /phpadmin/scripts/setup.php
Not Found: /pma/scripts/setup.php
Not Found: /web/phpMyAdmin/scripts/setup.php
Not Found: /xampp/phpmyadmin/scripts/setup.php
Not Found: /web/scripts/setup.php
Not Found: /php-my-admin/scripts/setup.php
Not Found: /websql/scripts/setup.php
Not Found: /phpMyAdmin-2/scripts/setup.php
Not Found: /_phpmyadmin/scripts/setup.php
Not Found: /administrator/components/com_joommyadmin/phpmyadmin/scripts/setup.php
Not Found: /apache-default/phpmyadmin/scripts/setup.php
Not Found: /blog/phpmyadmin/scripts/setup.php
Not Found: /cpanelphpmyadmin/scripts/setup.php
Not Found: /cpphpmyadmin/scripts/setup.php
Not Found: /forum/phpmyadmin/scripts/setup.php
Not Found: /php/phpmyadmin/scripts/setup.php
Not Found: /phpmyadmin/scripts/setup.php
Not Found: /phpMyAdmin-2.10.0.0/scripts/setup.php
Not Found: /phpMyAdmin-3.4.3.1/scripts/setup.php
Not Found: /phpMyAdmin2/scripts/setup.php
Not Found: /phpMyAdmin3/scripts/setup.php
Not Found: /cache/global/img/gs.gif
Not Found: /cache/global/img/gs.gif
[2018-07-01 17:50:04 +0800] [32722] [CRITICAL] WORKER TIMEOUT (pid:26290)
[2018-07-01 09:50:04 +0000] [26290] [INFO] Worker exiting (pid: 26290)
[2018-07-01 17:50:04 +0800] [27873] [INFO] Booting worker with pid: 27873
Not Found: /cache.php
[2018-07-01 20:52:17 +0800] [32722] [CRITICAL] WORKER TIMEOUT (pid:27873)
[2018-07-01 12:52:17 +0000] [27873] [INFO] Worker exiting (pid: 27873)
[2018-07-01 20:52:18 +0800] [27979] [INFO] Booting worker with pid: 27979
Not Found: /cache.php
Not Found: /robots.txt
Not Found: /robots.txt
Not Found: /phpinfo.php
Not Found: /echo.php
Not Found: /cache/global/img/gs.gif
Not Found: /libraries/phputf8/xost-locale.php
Not Found: /robots.txt
Not Found: /wp-content/yt.php
Not Found: /wp-content/yt.php
Not Found: /cache/global/img/gs.gif
Not Found: /cache/global/img/gs.gif
Not Found: /echo.php
Not Found: /login.cgi
Not Found: /echo.php
Not Found: /cache/global/img/gs.gif
Not Found: /cache/global/img/gs.gif
Not Found: /404/search_children.js
Not Found: /config.php
Not Found: /config.php
Not Found: /cache/global/img/gs.gif
Not Found: /cache/global/img/gs.gif
Not Found: /cache/global/img/gs.gif
Not Found: /cache/global/img/gs.gif
Not Found: /p.php
Not Found: /echo.php
Not Found: /cache/global/img/gs.gif
Not Found: /cache/global/img/gs.gif
[2018-07-04 15:01:12 +0800] [32722] [CRITICAL] WORKER TIMEOUT (pid:27979)
[2018-07-04 07:01:12 +0000] [27979] [INFO] Worker exiting (pid: 27979)
[2018-07-04 15:01:12 +0800] [31146] [INFO] Booting worker with pid: 31146
Not Found: /shell
Not Found: /shell
Not Found: /shell
Not Found: /shell
Not Found: /cache/global/img/gs.gif
Not Found: /stuff.php
Not Found: /wp-login.php
Not Found: /api.php
Not Found: /wp-login.php
Not Found: /robots.txt
Not Found: /wls-wsat/RegistrationPortTypeRPC
Not Found: /echo.php
Not Found: /cache/global/img/gs.gif
Not Found: /cache/global/img/gs.gif
Not Found: /cache/global/img/gs.gif
[2018-07-05 09:10:25 +0800] [32722] [CRITICAL] WORKER TIMEOUT (pid:31146)
[2018-07-05 01:10:25 +0000] [31146] [INFO] Worker exiting (pid: 31146)
/home/mcq/sites/hellooying.xyz/MCQ_Blog
/home/mcq/sites/hellooying.xyz/MCQ_Blog
/home/mcq/sites/hellooying.xyz/MCQ_Blog
/home/mcq/sites/hellooying.xyz/MCQ_Blog
/home/mcq/sites/hellooying.xyz/MCQ_Blog
/home/mcq/sites/hellooying.xyz/MCQ_Blog
/home/mcq/sites/hellooying.xyz/MCQ_Blog
/home/mcq/sites/hellooying.xyz/MCQ_Blog
/home/mcq/sites/hellooying.xyz/MCQ_Blog
/home/mcq/sites/hellooying.xyz/MCQ_Blog
/home/mcq/sites/hellooying.xyz/MCQ_Blog
/home/mcq/sites/hellooying.xyz/MCQ_Blog
[2018-07-05 09:10:26 +0800] [32082] [INFO] Booting worker with pid: 32082
Not Found: /login.cgi
Not Found: /wp-register.php
Not Found: /wp-register.php
Not Found: /clientaccesspolicy.xml
Not Found: /echo.php
Not Found: /cache/global/img/gs.gif
Not Found: /cache/global/img/gs.gif
Not Found: /404/search_children.js
Not Found: /clientaccesspolicy.xml
Not Found: /cache/global/img/gs.gif
Not Found: /robots.txt
Not Found: /robots.txt
Not Found: /robots.txt
Not Found: /cache/global/img/gs.gif
Not Found: /echo.php
Not Found: /cache/global/img/gs.gif
Not Found: /robots.txt
Not Found: /phpinfo.php
Not Found: /cache/global/img/gs.gif
[2018-07-07 11:57:27 +0800] [32722] [CRITICAL] WORKER TIMEOUT (pid:32082)
[2018-07-07 03:57:27 +0000] [32082] [INFO] Worker exiting (pid: 32082)
[2018-07-07 11:57:28 +0800] [1950] [INFO] Booting worker with pid: 1950
Not Found: /link
Not Found: /categories
Not Found: /.git/HEAD
Not Found: /admin/.git/HEAD
Not Found: /alpha/.git/HEAD
Not Found: /analytics/.git/HEAD
Not Found: /android/.git/HEAD
Not Found: /api/.git/HEAD
Not Found: /apk/.git/HEAD
Not Found: /app/.git/HEAD
Not Found: /apple/.git/HEAD
Not Found: /archive/.git/HEAD
Not Found: /assets/.git/HEAD
Not Found: /backend/.git/HEAD
Not Found: /backup/.git/HEAD
Not Found: /beta/.git/HEAD
Not Found: /bucket/.git/HEAD
Not Found: /cdn/.git/HEAD
Not Found: /cloud/.git/HEAD
Not Found: /content/.git/HEAD
Not Found: /controller/.git/HEAD
Not Found: /data/.git/HEAD
Not Found: /demo/.git/HEAD
Not Found: /dev/.git/HEAD
Not Found: /developer/.git/HEAD
Not Found: /development/.git/HEAD
Not Found: /downloads/.git/HEAD
Not Found: /files/.git/HEAD
Not Found: /git/.git/HEAD
Not Found: /img/.git/HEAD
Not Found: /ipa/.git/HEAD
Not Found: /js/.git/HEAD
Not Found: /live/.git/HEAD
Not Found: /m/.git/HEAD
Not Found: /media-upload/.git/HEAD
Not Found: /media/.git/HEAD
Not Found: /mobile/.git/HEAD
Not Found: /my/.git/HEAD
Not Found: /login.cgi
Not Found: /cache/global/img/gs.gif
Not Found: /cache/global/img/gs.gif
Not Found: /echo.php
Not Found: /cache/global/img/gs.gif
Not Found: /cache/global/img/gs.gif
Not Found: /sq52zr.php
Not Found: /echo.php
Not Found: /upload/bank-icons/bank-gh.jpg
Not Found: /upload/bank-icons/bank_16.png
Not Found: /cache/global/img/gs.gif
Not Found: /echo.php
Not Found: /cache/global/img/gs.gif
Not Found: /.env
Not Found: /builder/1/classes.dex
Not Found: /1qiWaz2wRsx3eXdc4rDfv5tgb6yhn7Uujm8Lik999
Not Found: /echo.php
[2018-07-10 08:48:13 +0800] [32722] [CRITICAL] WORKER TIMEOUT (pid:1950)
[2018-07-10 00:48:13 +0000] [1950] [INFO] Worker exiting (pid: 1950)
/home/mcq/sites/hellooying.xyz/MCQ_Blog
/home/mcq/sites/hellooying.xyz/MCQ_Blog
/home/mcq/sites/hellooying.xyz/MCQ_Blog
/home/mcq/sites/hellooying.xyz/MCQ_Blog
/home/mcq/sites/hellooying.xyz/MCQ_Blog
/home/mcq/sites/hellooying.xyz/MCQ_Blog
/home/mcq/sites/hellooying.xyz/MCQ_Blog
/home/mcq/sites/hellooying.xyz/MCQ_Blog
/home/mcq/sites/hellooying.xyz/MCQ_Blog
/home/mcq/sites/hellooying.xyz/MCQ_Blog
/home/mcq/sites/hellooying.xyz/MCQ_Blog
/home/mcq/sites/hellooying.xyz/MCQ_Blog
[2018-07-10 08:48:13 +0800] [5269] [INFO] Booting worker with pid: 5269
Not Found: /404/search_children.js
Not Found: /login.cgi
Not Found: /api.php/Home/Activityforcedetail/luckturntabledetail
Not Found: /cache/global/img/gs.gif
Not Found: /echo.php
Not Found: /xw.php
Not Found: /cache/global/img/gs.gif
Not Found: /xmlrpc.php
Not Found: /echo.php
[2018-07-12 02:39:21 +0800] [32722] [CRITICAL] WORKER TIMEOUT (pid:5269)
[2018-07-11 18:39:21 +0000] [5269] [INFO] Worker exiting (pid: 5269)
/home/mcq/sites/hellooying.xyz/MCQ_Blog
[2018-07-12 02:39:21 +0800] [7208] [INFO] Booting worker with pid: 7208
[2018-07-12 03:08:01 +0800] [32722] [CRITICAL] WORKER TIMEOUT (pid:7208)
[2018-07-11 19:08:01 +0000] [7208] [INFO] Worker exiting (pid: 7208)
[2018-07-12 03:08:01 +0800] [7223] [INFO] Booting worker with pid: 7223
Not Found: /cache/global/img/gs.gif
Not Found: /user/register/
Not Found: /blog/xmlrpc.php
Not Found: /xmlrpc.php
Not Found: /cache/global/img/gs.gif
Not Found: /cache/global/img/gs.gif
[2018-07-13 05:38:17 +0800] [32722] [CRITICAL] WORKER TIMEOUT (pid:7223)
[2018-07-12 21:38:17 +0000] [7223] [INFO] Worker exiting (pid: 7223)
/home/mcq/sites/hellooying.xyz/MCQ_Blog
[2018-07-13 05:38:17 +0800] [8443] [INFO] Booting worker with pid: 8443
Not Found: /404/search_children.js
Not Found: /cache/global/img/gs.gif
Not Found: /clientaccesspolicy.xml
Not Found: /user/register/
Not Found: /echo.php
Not Found: /cache/global/img/gs.gif
Not Found: /nmaplowercheck1531545570
Not Found: /sdk
Not Found: /HNAP1
Not Found: /ifixwebspace/
Not Found: /web_caps/webCapsConfig
Not Found: /image/lgbg.jpg
Not Found: /navigation.html
Not Found: /pe.php
Not Found: /robots.txt
Not Found: /pe.php
[2018-07-23 13:40:46 +0800] [21477] [INFO] Starting gunicorn 19.7.1
[2018-07-23 13:40:46 +0800] [21477] [INFO] Listening at: unix:/tmp/47.95.214.83.socket (21477)
[2018-07-23 13:40:46 +0800] [21477] [INFO] Using worker: sync
[2018-07-23 13:40:46 +0800] [21480] [INFO] Booting worker with pid: 21480
[2018-10-08 15:15:25 +0000] [20831] [INFO] Starting gunicorn 19.7.1
[2018-10-08 15:15:25 +0000] [20831] [INFO] Listening at: unix:/tmp/47.95.214.83.socket (20831)
[2018-10-08 15:15:25 +0000] [20831] [INFO] Using worker: sync
[2018-10-08 15:15:25 +0000] [20835] [INFO] Booting worker with pid: 20835
[2018-10-08 15:15:25 +0000] [20835] [ERROR] Exception in worker process
Traceback (most recent call last):
  File "/usr/local/lib/python2.7/dist-packages/gunicorn/arbiter.py", line 578, in spawn_worker
    worker.init_process()
  File "/usr/local/lib/python2.7/dist-packages/gunicorn/workers/base.py", line 126, in init_process
    self.load_wsgi()
  File "/usr/local/lib/python2.7/dist-packages/gunicorn/workers/base.py", line 135, in load_wsgi
    self.wsgi = self.app.wsgi()
  File "/usr/local/lib/python2.7/dist-packages/gunicorn/app/base.py", line 67, in wsgi
    self.callable = self.load()
  File "/usr/local/lib/python2.7/dist-packages/gunicorn/app/wsgiapp.py", line 65, in load
    return self.load_wsgiapp()
  File "/usr/local/lib/python2.7/dist-packages/gunicorn/app/wsgiapp.py", line 52, in load_wsgiapp
    return util.import_app(self.app_uri)
  File "/usr/local/lib/python2.7/dist-packages/gunicorn/util.py", line 352, in import_app
    __import__(module)
  File "/home/mcq/sites/maocaoqiu.cn/MCQ_Blog/myblog/wsgi.py", line 12, in <module>
    from django.core.wsgi import get_wsgi_application
ImportError: No module named django.core.wsgi
[2018-10-08 15:15:25 +0000] [20835] [INFO] Worker exiting (pid: 20835)
[2018-10-08 15:15:25 +0000] [20831] [INFO] Shutting down: Master
[2018-10-08 15:15:25 +0000] [20831] [INFO] Reason: Worker failed to boot.
[2018-10-08 15:15:40 +0000] [20841] [INFO] Starting gunicorn 19.7.1
[2018-10-08 15:15:40 +0000] [20841] [INFO] Listening at: unix:/tmp/47.95.214.83.socket (20841)
[2018-10-08 15:15:40 +0000] [20841] [INFO] Using worker: sync
[2018-10-08 15:15:40 +0000] [20845] [INFO] Booting worker with pid: 20845
[2018-10-08 15:15:40 +0000] [20845] [ERROR] Exception in worker process
Traceback (most recent call last):
  File "/usr/local/lib/python2.7/dist-packages/gunicorn/arbiter.py", line 578, in spawn_worker
    worker.init_process()
  File "/usr/local/lib/python2.7/dist-packages/gunicorn/workers/base.py", line 126, in init_process
    self.load_wsgi()
  File "/usr/local/lib/python2.7/dist-packages/gunicorn/workers/base.py", line 135, in load_wsgi
    self.wsgi = self.app.wsgi()
  File "/usr/local/lib/python2.7/dist-packages/gunicorn/app/base.py", line 67, in wsgi
    self.callable = self.load()
  File "/usr/local/lib/python2.7/dist-packages/gunicorn/app/wsgiapp.py", line 65, in load
    return self.load_wsgiapp()
  File "/usr/local/lib/python2.7/dist-packages/gunicorn/app/wsgiapp.py", line 52, in load_wsgiapp
    return util.import_app(self.app_uri)
  File "/usr/local/lib/python2.7/dist-packages/gunicorn/util.py", line 352, in import_app
    __import__(module)
  File "/home/mcq/sites/maocaoqiu.cn/MCQ_Blog/myblog/wsgi.py", line 12, in <module>
    from django.core.wsgi import get_wsgi_application
ImportError: No module named django.core.wsgi
[2018-10-08 15:15:40 +0000] [20845] [INFO] Worker exiting (pid: 20845)
[2018-10-08 15:15:40 +0000] [20841] [INFO] Shutting down: Master
[2018-10-08 15:15:40 +0000] [20841] [INFO] Reason: Worker failed to boot.
[2018-10-08 15:24:52 +0800] [20910] [INFO] Starting gunicorn 19.9.0
[2018-10-08 15:24:52 +0800] [20910] [INFO] Listening at: unix:/tmp/47.95.214.83.socket (20910)
[2018-10-08 15:24:52 +0800] [20910] [INFO] Using worker: sync
[2018-10-08 15:24:52 +0800] [20913] [INFO] Booting worker with pid: 20913
[2018-10-08 15:33:21 +0800] [20924] [INFO] Booting worker with pid: 20924
[2018-10-08 15:33:21 +0800] [20910] [INFO] Handling signal: hup
[2018-10-08 15:33:21 +0800] [20910] [INFO] Hang up: Master
[2018-10-08 15:33:21 +0800] [20925] [INFO] Booting worker with pid: 20925
[2018-10-08 15:33:21 +0800] [20924] [INFO] Worker exiting (pid: 20924)
Not Found: /Android.html
Not Found: /Android.html
Not Found: /Android.html
Not Found: /iPhone.html
Not Found: /phone.html
Not Found: /phone
Not Found: /phone
Not Found: /phone
Not Found: /phone
Not Found: /phone
Not Found: /phone/
Not Found: /phone/
Not Found: /phone
[2018-10-08 15:53:28 +0800] [20925] [INFO] Parent changed, shutting down: <Worker 20925>
[2018-10-08 15:53:28 +0800] [20925] [INFO] Worker exiting (pid: 20925)
/home/mcq/sites/maocaoqiu.cn/MCQ_Blog
/home/mcq/sites/maocaoqiu.cn/MCQ_Blog
/home/mcq/sites/maocaoqiu.cn/MCQ_Blog
[2018-10-08 15:57:59 +0800] [21463] [INFO] Starting gunicorn 19.9.0
[2018-10-08 15:57:59 +0800] [21463] [INFO] Listening at: unix:/tmp/47.95.214.83.socket (21463)
[2018-10-08 15:57:59 +0800] [21463] [INFO] Using worker: sync
[2018-10-08 15:57:59 +0800] [21466] [INFO] Booting worker with pid: 21466
[2018-10-08 15:58:07 +0800] [21463] [INFO] Handling signal: hup
[2018-10-08 15:58:07 +0800] [21463] [INFO] Hang up: Master
[2018-10-08 15:58:07 +0800] [21652] [INFO] Booting worker with pid: 21652
Not Found: /phone/post/48
Not Found: /phone/post/48
Not Found: /phone/post/11
Not Found: /phone/post/48
Not Found: /phone/post/48
Not Found: /phone/post/46
[2018-10-08 16:02:59 +0800] [21652] [INFO] Parent changed, shutting down: <Worker 21652>
[2018-10-08 16:02:59 +0800] [21652] [INFO] Worker exiting (pid: 21652)
/home/mcq/sites/maocaoqiu.cn/MCQ_Blog
/home/mcq/sites/maocaoqiu.cn/MCQ_Blog
/home/mcq/sites/maocaoqiu.cn/MCQ_Blog
/home/mcq/sites/maocaoqiu.cn/MCQ_Blog
/home/mcq/sites/maocaoqiu.cn/MCQ_Blog
/home/mcq/sites/maocaoqiu.cn/MCQ_Blog
/home/mcq/sites/maocaoqiu.cn/MCQ_Blog
/home/mcq/sites/maocaoqiu.cn/MCQ_Blog
/home/mcq/sites/maocaoqiu.cn/MCQ_Blog
/home/mcq/sites/maocaoqiu.cn/MCQ_Blog
/home/mcq/sites/maocaoqiu.cn/MCQ_Blog
/home/mcq/sites/maocaoqiu.cn/MCQ_Blog
/home/mcq/sites/maocaoqiu.cn/MCQ_Blog
/home/mcq/sites/maocaoqiu.cn/MCQ_Blog
[2018-10-08 16:03:09 +0800] [21689] [INFO] Starting gunicorn 19.9.0
[2018-10-08 16:03:09 +0800] [21689] [INFO] Listening at: unix:/tmp/47.95.214.83.socket (21689)
[2018-10-08 16:03:09 +0800] [21689] [INFO] Using worker: sync
[2018-10-08 16:03:09 +0800] [21692] [INFO] Booting worker with pid: 21692
[2018-10-08 17:05:05 +0800] [21930] [INFO] Booting worker with pid: 21930
[2018-10-08 17:05:05 +0800] [21689] [INFO] Handling signal: hup
[2018-10-08 17:05:05 +0800] [21689] [INFO] Hang up: Master
[2018-10-08 17:05:05 +0800] [21931] [INFO] Booting worker with pid: 21931
[2018-10-08 17:05:05 +0800] [21930] [INFO] Worker exiting (pid: 21930)
[2018-10-08 22:57:12 +0800] [21931] [INFO] Parent changed, shutting down: <Worker 21931>
[2018-10-08 22:57:12 +0800] [21931] [INFO] Worker exiting (pid: 21931)
/home/mcq/sites/maocaoqiu.cn/MCQ_Blog
/home/mcq/sites/maocaoqiu.cn/MCQ_Blog
/home/mcq/sites/maocaoqiu.cn/MCQ_Blog
/home/mcq/sites/maocaoqiu.cn/MCQ_Blog
/home/mcq/sites/maocaoqiu.cn/MCQ_Blog
/home/mcq/sites/maocaoqiu.cn/MCQ_Blog
/home/mcq/sites/maocaoqiu.cn/MCQ_Blog
/home/mcq/sites/maocaoqiu.cn/MCQ_Blog
/home/mcq/sites/maocaoqiu.cn/MCQ_Blog
/home/mcq/sites/maocaoqiu.cn/MCQ_Blog
[2018-10-13 23:09:22 +0800] [30153] [INFO] Starting gunicorn 19.9.0
[2018-10-13 23:09:22 +0800] [30153] [INFO] Listening at: unix:/tmp/47.95.214.83.socket (30153)
[2018-10-13 23:09:22 +0800] [30153] [INFO] Using worker: sync
[2018-10-13 23:09:22 +0800] [30156] [INFO] Booting worker with pid: 30156
[2018-10-13 23:09:26 +0800] [30153] [INFO] Handling signal: hup
[2018-10-13 23:09:26 +0800] [30153] [INFO] Hang up: Master
[2018-10-13 23:09:26 +0800] [30158] [INFO] Booting worker with pid: 30158
/usr/local/lib/python3.5/dist-packages/django/db/models/fields/__init__.py:1421: RuntimeWarning: DateTimeField Comment.time received a naive datetime (2018-10-15 00:08:23.951069) while time zone support is active.
  RuntimeWarning)
/usr/local/lib/python3.5/dist-packages/django/db/models/fields/__init__.py:1421: RuntimeWarning: DateTimeField Comment.time received a naive datetime (2018-10-15 19:18:04.929586) while time zone support is active.
  RuntimeWarning)
Not Found: /link
Not Found: /categories
/usr/local/lib/python3.5/dist-packages/django/db/models/fields/__init__.py:1421: RuntimeWarning: DateTimeField Comment.time received a naive datetime (2018-10-15 20:56:48.408469) while time zone support is active.
  RuntimeWarning)
/usr/local/lib/python3.5/dist-packages/django/db/models/fields/__init__.py:1421: RuntimeWarning: DateTimeField Comment.time received a naive datetime (2018-10-17 12:03:05.636620) while time zone support is active.
  RuntimeWarning)
/usr/local/lib/python3.5/dist-packages/django/db/models/fields/__init__.py:1421: RuntimeWarning: DateTimeField Comment.time received a naive datetime (2018-10-17 14:01:18.450067) while time zone support is active.
  RuntimeWarning)
Not Found: /robots.txt
/usr/local/lib/python3.5/dist-packages/django/db/models/fields/__init__.py:1421: RuntimeWarning: DateTimeField Comment.time received a naive datetime (2018-10-17 21:08:42.094836) while time zone support is active.
  RuntimeWarning)
Not Found: /explicit_not_exist_path
Not Found: /index.html
Not Found: /index.php
Not Found: /index.jsp
Not Found: /wp-login.php
Not Found: /readme.html
Not Found: /license.txt
Not Found: /wp-includes/js/wplink.js
Not Found: /wp-admin/js/customize-controls.js
Not Found: /wp-admin/js/nav-menu.js
Not Found: /wp-includes/js/plupload/handlers.js
Not Found: /wp-includes/js/tinymce/wp-tinymce.js.gz
Not Found: /robots.txt
Not Found: /README
Not Found: /404.html
Not Found: /500.html
Not Found: /stylesheets/application.css
Not Found: /solr/
Not Found: /wcm/
Not Found: /phpMyAdmin/
Not Found: /phpmyadmin/
Not Found: /pma/
Not Found: /explicit_not_exist_path
Not Found: /index.html
Not Found: /index.php
Not Found: /index.jsp
Not Found: /wp-login.php
Not Found: /readme.html
Not Found: /license.txt
Not Found: /wp-includes/js/wplink.js
Not Found: /wp-admin/js/customize-controls.js
Not Found: /wp-admin/js/nav-menu.js
Not Found: /wp-includes/js/plupload/handlers.js
Not Found: /wp-includes/js/tinymce/wp-tinymce.js.gz
Not Found: /robots.txt
Not Found: /README
Not Found: /404.html
Not Found: /500.html
Not Found: /stylesheets/application.css
Not Found: /solr/
Not Found: /wcm/
Not Found: /phpMyAdmin/
Not Found: /phpmyadmin/
Not Found: /pma/
Not Found: /.DS_Store
Not Found: /.DS_Store
[2018-10-18 22:06:15 +0800] [1457] [INFO] Starting gunicorn 19.9.0
[2018-10-18 22:06:15 +0800] [1457] [INFO] Listening at: unix:/tmp/47.95.214.83.socket (1457)
[2018-10-18 22:06:15 +0800] [1457] [INFO] Using worker: sync
[2018-10-18 22:06:15 +0800] [1460] [INFO] Booting worker with pid: 1460
[2018-10-18 22:07:44 +0800] [1687] [INFO] Booting worker with pid: 1687
[2018-10-18 22:07:44 +0800] [1457] [INFO] Handling signal: hup
[2018-10-18 22:07:44 +0800] [1457] [INFO] Hang up: Master
[2018-10-18 22:07:44 +0800] [1689] [INFO] Booting worker with pid: 1689
[2018-10-18 22:07:44 +0800] [1687] [INFO] Worker exiting (pid: 1687)
Not Found: /robots.txt
Not Found: /robots.txt
[2018-10-21 00:11:46 +0800] [1689] [ERROR] Error handling request /touzi/
Traceback (most recent call last):
  File "/usr/local/lib/python3.5/dist-packages/django/core/handlers/exception.py", line 34, in inner
    response = get_response(request)
  File "/usr/local/lib/python3.5/dist-packages/django/core/handlers/base.py", line 126, in _get_response
    response = self.process_exception_by_middleware(e, request)
  File "/usr/local/lib/python3.5/dist-packages/django/core/handlers/base.py", line 124, in _get_response
    response = wrapped_callback(request, *callback_args, **callback_kwargs)
  File "/home/mcq/sites/maocaoqiu.cn/MCQ_Blog/blog/views.py", line 130, in touzi
  File "/usr/local/lib/python3.5/dist-packages/django/shortcuts.py", line 36, in render
    content = loader.render_to_string(template_name, context, request, using=using)
  File "/usr/local/lib/python3.5/dist-packages/django/template/loader.py", line 61, in render_to_string
    template = get_template(template_name, using=using)
  File "/usr/local/lib/python3.5/dist-packages/django/template/loader.py", line 19, in get_template
    raise TemplateDoesNotExist(template_name, chain=chain)
django.template.exceptions.TemplateDoesNotExist: touzi.html

During handling of the above exception, another exception occurred:

Traceback (most recent call last):
  File "/usr/local/lib/python3.5/dist-packages/django/core/handlers/exception.py", line 34, in inner
    response = get_response(request)
  File "/usr/local/lib/python3.5/dist-packages/django/utils/deprecation.py", line 91, in __call__
    response = response or self.get_response(request)
  File "/usr/local/lib/python3.5/dist-packages/django/core/handlers/exception.py", line 36, in inner
    response = response_for_exception(request, exc)
  File "/usr/local/lib/python3.5/dist-packages/django/core/handlers/exception.py", line 90, in response_for_exception
    response = handle_uncaught_exception(request, get_resolver(get_urlconf()), sys.exc_info())
  File "/usr/local/lib/python3.5/dist-packages/django/core/handlers/exception.py", line 125, in handle_uncaught_exception
    return debug.technical_500_response(request, *exc_info)
  File "/usr/local/lib/python3.5/dist-packages/django/views/debug.py", line 94, in technical_500_response
    html = reporter.get_traceback_html()
  File "/usr/local/lib/python3.5/dist-packages/django/views/debug.py", line 333, in get_traceback_html
    c = Context(self.get_traceback_data(), use_l10n=False)
  File "/usr/local/lib/python3.5/dist-packages/django/views/debug.py", line 264, in get_traceback_data
    frames = self.get_traceback_frames()
  File "/usr/local/lib/python3.5/dist-packages/django/views/debug.py", line 422, in get_traceback_frames
    filename, lineno, 7, loader, module_name,
  File "/usr/local/lib/python3.5/dist-packages/django/views/debug.py", line 383, in _get_lines_from_file
    context_line = source[lineno]
IndexError: list index out of range

During handling of the above exception, another exception occurred:

Traceback (most recent call last):
  File "/usr/local/lib/python3.5/dist-packages/django/core/handlers/exception.py", line 34, in inner
    response = get_response(request)
  File "/usr/local/lib/python3.5/dist-packages/django/utils/deprecation.py", line 91, in __call__
    response = response or self.get_response(request)
  File "/usr/local/lib/python3.5/dist-packages/django/core/handlers/exception.py", line 36, in inner
    response = response_for_exception(request, exc)
  File "/usr/local/lib/python3.5/dist-packages/django/core/handlers/exception.py", line 90, in response_for_exception
    response = handle_uncaught_exception(request, get_resolver(get_urlconf()), sys.exc_info())
  File "/usr/local/lib/python3.5/dist-packages/django/core/handlers/exception.py", line 125, in handle_uncaught_exception
    return debug.technical_500_response(request, *exc_info)
  File "/usr/local/lib/python3.5/dist-packages/django/views/debug.py", line 94, in technical_500_response
    html = reporter.get_traceback_html()
  File "/usr/local/lib/python3.5/dist-packages/django/views/debug.py", line 333, in get_traceback_html
    c = Context(self.get_traceback_data(), use_l10n=False)
  File "/usr/local/lib/python3.5/dist-packages/django/views/debug.py", line 264, in get_traceback_data
    frames = self.get_traceback_frames()
  File "/usr/local/lib/python3.5/dist-packages/django/views/debug.py", line 422, in get_traceback_frames
    filename, lineno, 7, loader, module_name,
  File "/usr/local/lib/python3.5/dist-packages/django/views/debug.py", line 383, in _get_lines_from_file
    context_line = source[lineno]
IndexError: list index out of range

During handling of the above exception, another exception occurred:

Traceback (most recent call last):
  File "/usr/local/lib/python3.5/dist-packages/django/core/handlers/exception.py", line 34, in inner
    response = get_response(request)
  File "/usr/local/lib/python3.5/dist-packages/django/utils/deprecation.py", line 91, in __call__
    response = response or self.get_response(request)
  File "/usr/local/lib/python3.5/dist-packages/django/core/handlers/exception.py", line 36, in inner
    response = response_for_exception(request, exc)
  File "/usr/local/lib/python3.5/dist-packages/django/core/handlers/exception.py", line 90, in response_for_exception
    response = handle_uncaught_exception(request, get_resolver(get_urlconf()), sys.exc_info())
  File "/usr/local/lib/python3.5/dist-packages/django/core/handlers/exception.py", line 125, in handle_uncaught_exception
    return debug.technical_500_response(request, *exc_info)
  File "/usr/local/lib/python3.5/dist-packages/django/views/debug.py", line 94, in technical_500_response
    html = reporter.get_traceback_html()
  File "/usr/local/lib/python3.5/dist-packages/django/views/debug.py", line 333, in get_traceback_html
    c = Context(self.get_traceback_data(), use_l10n=False)
  File "/usr/local/lib/python3.5/dist-packages/django/views/debug.py", line 264, in get_traceback_data
    frames = self.get_traceback_frames()
  File "/usr/local/lib/python3.5/dist-packages/django/views/debug.py", line 422, in get_traceback_frames
    filename, lineno, 7, loader, module_name,
  File "/usr/local/lib/python3.5/dist-packages/django/views/debug.py", line 383, in _get_lines_from_file
    context_line = source[lineno]
IndexError: list index out of range

During handling of the above exception, another exception occurred:

Traceback (most recent call last):
  File "/usr/local/lib/python3.5/dist-packages/django/core/handlers/exception.py", line 34, in inner
    response = get_response(request)
  File "/usr/local/lib/python3.5/dist-packages/django/utils/deprecation.py", line 91, in __call__
    response = response or self.get_response(request)
  File "/usr/local/lib/python3.5/dist-packages/django/core/handlers/exception.py", line 36, in inner
    response = response_for_exception(request, exc)
  File "/usr/local/lib/python3.5/dist-packages/django/core/handlers/exception.py", line 90, in response_for_exception
    response = handle_uncaught_exception(request, get_resolver(get_urlconf()), sys.exc_info())
  File "/usr/local/lib/python3.5/dist-packages/django/core/handlers/exception.py", line 125, in handle_uncaught_exception
    return debug.technical_500_response(request, *exc_info)
  File "/usr/local/lib/python3.5/dist-packages/django/views/debug.py", line 94, in technical_500_response
    html = reporter.get_traceback_html()
  File "/usr/local/lib/python3.5/dist-packages/django/views/debug.py", line 333, in get_traceback_html
    c = Context(self.get_traceback_data(), use_l10n=False)
  File "/usr/local/lib/python3.5/dist-packages/django/views/debug.py", line 264, in get_traceback_data
    frames = self.get_traceback_frames()
  File "/usr/local/lib/python3.5/dist-packages/django/views/debug.py", line 422, in get_traceback_frames
    filename, lineno, 7, loader, module_name,
  File "/usr/local/lib/python3.5/dist-packages/django/views/debug.py", line 383, in _get_lines_from_file
    context_line = source[lineno]
IndexError: list index out of range

During handling of the above exception, another exception occurred:

Traceback (most recent call last):
  File "/usr/local/lib/python3.5/dist-packages/django/core/handlers/exception.py", line 34, in inner
    response = get_response(request)
  File "/usr/local/lib/python3.5/dist-packages/django/utils/deprecation.py", line 91, in __call__
    response = response or self.get_response(request)
  File "/usr/local/lib/python3.5/dist-packages/django/core/handlers/exception.py", line 36, in inner
    response = response_for_exception(request, exc)
  File "/usr/local/lib/python3.5/dist-packages/django/core/handlers/exception.py", line 90, in response_for_exception
    response = handle_uncaught_exception(request, get_resolver(get_urlconf()), sys.exc_info())
  File "/usr/local/lib/python3.5/dist-packages/django/core/handlers/exception.py", line 125, in handle_uncaught_exception
    return debug.technical_500_response(request, *exc_info)
  File "/usr/local/lib/python3.5/dist-packages/django/views/debug.py", line 94, in technical_500_response
    html = reporter.get_traceback_html()
  File "/usr/local/lib/python3.5/dist-packages/django/views/debug.py", line 333, in get_traceback_html
    c = Context(self.get_traceback_data(), use_l10n=False)
  File "/usr/local/lib/python3.5/dist-packages/django/views/debug.py", line 264, in get_traceback_data
    frames = self.get_traceback_frames()
  File "/usr/local/lib/python3.5/dist-packages/django/views/debug.py", line 422, in get_traceback_frames
    filename, lineno, 7, loader, module_name,
  File "/usr/local/lib/python3.5/dist-packages/django/views/debug.py", line 383, in _get_lines_from_file
    context_line = source[lineno]
IndexError: list index out of range

During handling of the above exception, another exception occurred:

Traceback (most recent call last):
  File "/usr/local/lib/python3.5/dist-packages/django/core/handlers/exception.py", line 34, in inner
    response = get_response(request)
  File "/usr/local/lib/python3.5/dist-packages/django/utils/deprecation.py", line 91, in __call__
    response = response or self.get_response(request)
  File "/usr/local/lib/python3.5/dist-packages/django/core/handlers/exception.py", line 36, in inner
    response = response_for_exception(request, exc)
  File "/usr/local/lib/python3.5/dist-packages/django/core/handlers/exception.py", line 90, in response_for_exception
    response = handle_uncaught_exception(request, get_resolver(get_urlconf()), sys.exc_info())
  File "/usr/local/lib/python3.5/dist-packages/django/core/handlers/exception.py", line 125, in handle_uncaught_exception
    return debug.technical_500_response(request, *exc_info)
  File "/usr/local/lib/python3.5/dist-packages/django/views/debug.py", line 94, in technical_500_response
    html = reporter.get_traceback_html()
  File "/usr/local/lib/python3.5/dist-packages/django/views/debug.py", line 333, in get_traceback_html
    c = Context(self.get_traceback_data(), use_l10n=False)
  File "/usr/local/lib/python3.5/dist-packages/django/views/debug.py", line 264, in get_traceback_data
    frames = self.get_traceback_frames()
  File "/usr/local/lib/python3.5/dist-packages/django/views/debug.py", line 422, in get_traceback_frames
    filename, lineno, 7, loader, module_name,
  File "/usr/local/lib/python3.5/dist-packages/django/views/debug.py", line 383, in _get_lines_from_file
    context_line = source[lineno]
IndexError: list index out of range

During handling of the above exception, another exception occurred:

Traceback (most recent call last):
  File "/usr/local/lib/python3.5/dist-packages/django/core/handlers/exception.py", line 34, in inner
    response = get_response(request)
  File "/usr/local/lib/python3.5/dist-packages/django/utils/deprecation.py", line 91, in __call__
    response = response or self.get_response(request)
  File "/usr/local/lib/python3.5/dist-packages/django/core/handlers/exception.py", line 36, in inner
    response = response_for_exception(request, exc)
  File "/usr/local/lib/python3.5/dist-packages/django/core/handlers/exception.py", line 90, in response_for_exception
    response = handle_uncaught_exception(request, get_resolver(get_urlconf()), sys.exc_info())
  File "/usr/local/lib/python3.5/dist-packages/django/core/handlers/exception.py", line 125, in handle_uncaught_exception
    return debug.technical_500_response(request, *exc_info)
  File "/usr/local/lib/python3.5/dist-packages/django/views/debug.py", line 94, in technical_500_response
    html = reporter.get_traceback_html()
  File "/usr/local/lib/python3.5/dist-packages/django/views/debug.py", line 333, in get_traceback_html
    c = Context(self.get_traceback_data(), use_l10n=False)
  File "/usr/local/lib/python3.5/dist-packages/django/views/debug.py", line 264, in get_traceback_data
    frames = self.get_traceback_frames()
  File "/usr/local/lib/python3.5/dist-packages/django/views/debug.py", line 422, in get_traceback_frames
    filename, lineno, 7, loader, module_name,
  File "/usr/local/lib/python3.5/dist-packages/django/views/debug.py", line 383, in _get_lines_from_file
    context_line = source[lineno]
IndexError: list index out of range

During handling of the above exception, another exception occurred:

Traceback (most recent call last):
  File "/usr/local/lib/python3.5/dist-packages/gunicorn/workers/sync.py", line 135, in handle
    self.handle_request(listener, req, client, addr)
  File "/usr/local/lib/python3.5/dist-packages/gunicorn/workers/sync.py", line 176, in handle_request
    respiter = self.wsgi(environ, resp.start_response)
  File "/usr/local/lib/python3.5/dist-packages/django/core/handlers/wsgi.py", line 142, in __call__
    response = self.get_response(request)
  File "/usr/local/lib/python3.5/dist-packages/django/core/handlers/base.py", line 78, in get_response
    response = self._middleware_chain(request)
  File "/usr/local/lib/python3.5/dist-packages/django/core/handlers/exception.py", line 36, in inner
    response = response_for_exception(request, exc)
  File "/usr/local/lib/python3.5/dist-packages/django/core/handlers/exception.py", line 90, in response_for_exception
    response = handle_uncaught_exception(request, get_resolver(get_urlconf()), sys.exc_info())
  File "/usr/local/lib/python3.5/dist-packages/django/core/handlers/exception.py", line 125, in handle_uncaught_exception
    return debug.technical_500_response(request, *exc_info)
  File "/usr/local/lib/python3.5/dist-packages/django/views/debug.py", line 94, in technical_500_response
    html = reporter.get_traceback_html()
  File "/usr/local/lib/python3.5/dist-packages/django/views/debug.py", line 333, in get_traceback_html
    c = Context(self.get_traceback_data(), use_l10n=False)
  File "/usr/local/lib/python3.5/dist-packages/django/views/debug.py", line 264, in get_traceback_data
    frames = self.get_traceback_frames()
  File "/usr/local/lib/python3.5/dist-packages/django/views/debug.py", line 422, in get_traceback_frames
    filename, lineno, 7, loader, module_name,
  File "/usr/local/lib/python3.5/dist-packages/django/views/debug.py", line 383, in _get_lines_from_file
    context_line = source[lineno]
IndexError: list index out of range
[2018-10-21 00:14:10 +0800] [4670] [INFO] Starting gunicorn 19.9.0
[2018-10-21 00:14:10 +0800] [4670] [INFO] Listening at: unix:/tmp/47.95.214.83.socket (4670)
[2018-10-21 00:14:10 +0800] [4670] [INFO] Using worker: sync
[2018-10-21 00:14:10 +0800] [4673] [INFO] Booting worker with pid: 4673
Not Found: /test/
[2018-10-21 00:14:46 +0800] [4675] [INFO] Booting worker with pid: 4675
[2018-10-21 00:14:46 +0800] [4670] [INFO] Handling signal: hup
[2018-10-21 00:14:46 +0800] [4670] [INFO] Hang up: Master
[2018-10-21 00:14:46 +0800] [4676] [INFO] Booting worker with pid: 4676
[2018-10-21 00:14:46 +0800] [4675] [INFO] Worker exiting (pid: 4675)
/usr/local/lib/python3.5/dist-packages/django/db/models/fields/__init__.py:1421: RuntimeWarning: DateTimeField Comment.time received a naive datetime (2018-10-21 20:54:29.201761) while time zone support is active.
  RuntimeWarning)
/usr/local/lib/python3.5/dist-packages/django/db/models/fields/__init__.py:1421: RuntimeWarning: DateTimeField Comment.time received a naive datetime (2018-10-21 21:25:25.952857) while time zone support is active.
  RuntimeWarning)
/usr/local/lib/python3.5/dist-packages/django/db/models/fields/__init__.py:1421: RuntimeWarning: DateTimeField Comment.time received a naive datetime (2018-10-22 00:48:09.764834) while time zone support is active.
  RuntimeWarning)
/usr/local/lib/python3.5/dist-packages/django/db/models/fields/__init__.py:1421: RuntimeWarning: DateTimeField Comment.time received a naive datetime (2018-10-22 00:52:35.359636) while time zone support is active.
  RuntimeWarning)
/usr/local/lib/python3.5/dist-packages/django/db/models/fields/__init__.py:1421: RuntimeWarning: DateTimeField Comment.time received a naive datetime (2018-10-22 16:46:13.054101) while time zone support is active.
  RuntimeWarning)
/usr/local/lib/python3.5/dist-packages/django/db/models/fields/__init__.py:1421: RuntimeWarning: DateTimeField Comment.time received a naive datetime (2018-10-22 21:00:04.460099) while time zone support is active.
  RuntimeWarning)
Not Found: /robots.txt
Not Found: /robots.txt
/usr/local/lib/python3.5/dist-packages/django/db/models/fields/__init__.py:1421: RuntimeWarning: DateTimeField Comment.time received a naive datetime (2018-10-23 00:34:58.360279) while time zone support is active.
  RuntimeWarning)
Not Found: /link
Not Found: /categories
Not Found: /categories
Not Found: /categories
Not Found: /link
Not Found: /categories
Not Found: /link
/usr/local/lib/python3.5/dist-packages/django/db/models/fields/__init__.py:1421: RuntimeWarning: DateTimeField Comment.time received a naive datetime (2018-10-23 00:38:39.992463) while time zone support is active.
  RuntimeWarning)
Internal Server Error: /comm
Traceback (most recent call last):
  File "/usr/local/lib/python3.5/dist-packages/django/db/backends/utils.py", line 85, in _execute
    return self.cursor.execute(sql, params)
  File "/usr/local/lib/python3.5/dist-packages/django/db/backends/sqlite3/base.py", line 296, in execute
    return Database.Cursor.execute(self, query, params)
sqlite3.IntegrityError: NOT NULL constraint failed: blog_comment.mean

The above exception was the direct cause of the following exception:

Traceback (most recent call last):
  File "/usr/local/lib/python3.5/dist-packages/django/core/handlers/exception.py", line 34, in inner
    response = get_response(request)
  File "/usr/local/lib/python3.5/dist-packages/django/core/handlers/base.py", line 126, in _get_response
    response = self.process_exception_by_middleware(e, request)
  File "/usr/local/lib/python3.5/dist-packages/django/core/handlers/base.py", line 124, in _get_response
    response = wrapped_callback(request, *callback_args, **callback_kwargs)
  File "/home/mcq/sites/maocaoqiu.cn/MCQ_Blog/blog/views.py", line 87, in comm
    a.save()
  File "/usr/local/lib/python3.5/dist-packages/django/db/models/base.py", line 718, in save
    force_update=force_update, update_fields=update_fields)
  File "/usr/local/lib/python3.5/dist-packages/django/db/models/base.py", line 748, in save_base
    updated = self._save_table(raw, cls, force_insert, force_update, using, update_fields)
  File "/usr/local/lib/python3.5/dist-packages/django/db/models/base.py", line 831, in _save_table
    result = self._do_insert(cls._base_manager, using, fields, update_pk, raw)
  File "/usr/local/lib/python3.5/dist-packages/django/db/models/base.py", line 869, in _do_insert
    using=using, raw=raw)
  File "/usr/local/lib/python3.5/dist-packages/django/db/models/manager.py", line 82, in manager_method
    return getattr(self.get_queryset(), name)(*args, **kwargs)
  File "/usr/local/lib/python3.5/dist-packages/django/db/models/query.py", line 1136, in _insert
    return query.get_compiler(using=using).execute_sql(return_id)
  File "/usr/local/lib/python3.5/dist-packages/django/db/models/sql/compiler.py", line 1289, in execute_sql
    cursor.execute(sql, params)
  File "/usr/local/lib/python3.5/dist-packages/django/db/backends/utils.py", line 100, in execute
    return super().execute(sql, params)
  File "/usr/local/lib/python3.5/dist-packages/django/db/backends/utils.py", line 68, in execute
    return self._execute_with_wrappers(sql, params, many=False, executor=self._execute)
  File "/usr/local/lib/python3.5/dist-packages/django/db/backends/utils.py", line 77, in _execute_with_wrappers
    return executor(sql, params, many, context)
  File "/usr/local/lib/python3.5/dist-packages/django/db/backends/utils.py", line 85, in _execute
    return self.cursor.execute(sql, params)
  File "/usr/local/lib/python3.5/dist-packages/django/db/utils.py", line 89, in __exit__
    raise dj_exc_value.with_traceback(traceback) from exc_value
  File "/usr/local/lib/python3.5/dist-packages/django/db/backends/utils.py", line 85, in _execute
    return self.cursor.execute(sql, params)
  File "/usr/local/lib/python3.5/dist-packages/django/db/backends/sqlite3/base.py", line 296, in execute
    return Database.Cursor.execute(self, query, params)
django.db.utils.IntegrityError: NOT NULL constraint failed: blog_comment.mean
Not Found: /MCQ_Blog/db.sqlite3
Not Found: /db.sqlite3
Not Found: /MCQ_Blog/db.sqlite3
Internal Server Error: /zan
Traceback (most recent call last):
  File "/usr/local/lib/python3.5/dist-packages/django/core/handlers/exception.py", line 34, in inner
    response = get_response(request)
  File "/usr/local/lib/python3.5/dist-packages/django/core/handlers/base.py", line 126, in _get_response
    response = self.process_exception_by_middleware(e, request)
  File "/usr/local/lib/python3.5/dist-packages/django/core/handlers/base.py", line 124, in _get_response
    response = wrapped_callback(request, *callback_args, **callback_kwargs)
  File "/home/mcq/sites/maocaoqiu.cn/MCQ_Blog/blog/views.py", line 93, in zan
    post=Blog.objects.get(id=request.GET.get("id"))
  File "/usr/local/lib/python3.5/dist-packages/django/db/models/manager.py", line 82, in manager_method
    return getattr(self.get_queryset(), name)(*args, **kwargs)
  File "/usr/local/lib/python3.5/dist-packages/django/db/models/query.py", line 399, in get
    self.model._meta.object_name
blog.models.Blog.DoesNotExist: Blog matching query does not exist.
Not Found: /MCQ_Blog/touzi
Not Found: /MCQ_Blog/touzi/123
Not Found: /MCQ_Blog/admin
Not Found: /robots.txt
Internal Server Error: /zan
Traceback (most recent call last):
  File "/usr/local/lib/python3.5/dist-packages/django/core/handlers/exception.py", line 34, in inner
    response = get_response(request)
  File "/usr/local/lib/python3.5/dist-packages/django/core/handlers/base.py", line 126, in _get_response
    response = self.process_exception_by_middleware(e, request)
  File "/usr/local/lib/python3.5/dist-packages/django/core/handlers/base.py", line 124, in _get_response
    response = wrapped_callback(request, *callback_args, **callback_kwargs)
  File "/home/mcq/sites/maocaoqiu.cn/MCQ_Blog/blog/views.py", line 93, in zan
    post=Blog.objects.get(id=request.GET.get("id"))
  File "/usr/local/lib/python3.5/dist-packages/django/db/models/manager.py", line 82, in manager_method
    return getattr(self.get_queryset(), name)(*args, **kwargs)
  File "/usr/local/lib/python3.5/dist-packages/django/db/models/query.py", line 399, in get
    self.model._meta.object_name
blog.models.Blog.DoesNotExist: Blog matching query does not exist.
Not Found: /MCQ_Blog/db.sqlite3
Not Found: /MCQ_Blog/db.sqlite
Not Found: /MCQ_Blog/
Not Found: /db.sqlite3
Not Found: /robots.txt
Not Found: /robots.txt
Not Found: /robots.txt
/usr/local/lib/python3.5/dist-packages/django/db/models/fields/__init__.py:1421: RuntimeWarning: DateTimeField Comment.time received a naive datetime (2018-10-23 14:13:46.316339) while time zone support is active.
  RuntimeWarning)
Not Found: /robots.txt
Not Found: /robots.txt
Not Found: /robots.txt
Not Found: /robots.txt
Not Found: /robots.txt
/usr/local/lib/python3.5/dist-packages/django/db/models/fields/__init__.py:1421: RuntimeWarning: DateTimeField Comment.time received a naive datetime (2018-10-23 21:18:35.117467) while time zone support is active.
  RuntimeWarning)
/usr/local/lib/python3.5/dist-packages/django/db/models/fields/__init__.py:1421: RuntimeWarning: DateTimeField Comment.time received a naive datetime (2018-10-23 21:26:51.143440) while time zone support is active.
  RuntimeWarning)
Not Found: /robots.txt
Not Found: /robots.txt
/usr/local/lib/python3.5/dist-packages/django/db/models/fields/__init__.py:1421: RuntimeWarning: DateTimeField Comment.time received a naive datetime (2018-10-25 22:46:36.083662) while time zone support is active.
  RuntimeWarning)
Not Found: /robots.txt
/usr/local/lib/python3.5/dist-packages/django/db/models/fields/__init__.py:1421: RuntimeWarning: DateTimeField Comment.time received a naive datetime (2018-10-26 22:04:11.363040) while time zone support is active.
  RuntimeWarning)
Not Found: /robots.txt
Not Found: /robots.txt
Not Found: /robots.txt
Not Found: /categories
[2018-10-28 22:21:01 +0800] [12927] [INFO] Starting gunicorn 19.9.0
[2018-10-28 22:21:01 +0800] [12927] [INFO] Listening at: unix:/tmp/47.95.214.83.socket (12927)
[2018-10-28 22:21:01 +0800] [12927] [INFO] Using worker: sync
[2018-10-28 22:21:01 +0800] [12930] [INFO] Booting worker with pid: 12930
[2018-10-28 22:22:21 +0800] [13148] [INFO] Booting worker with pid: 13148
[2018-10-28 22:22:21 +0800] [12927] [INFO] Handling signal: hup
[2018-10-28 22:22:21 +0800] [12927] [INFO] Hang up: Master
[2018-10-28 22:22:21 +0800] [13150] [INFO] Booting worker with pid: 13150
[2018-10-28 22:22:22 +0800] [13148] [INFO] Worker exiting (pid: 13148)
Not Found: /robots.txt
Not Found: /robots.txt
/usr/local/lib/python3.5/dist-packages/django/db/models/fields/__init__.py:1421: RuntimeWarning: DateTimeField Comment.time received a naive datetime (2018-10-30 01:44:14.445734) while time zone support is active.
  RuntimeWarning)
Not Found: /robots.txt
Not Found: /robots.txt
Not Found: /robots.txt
Not Found: /robots.txt
Not Found: /robots.txt
Not Found: /robots.txt
Not Found: /robots.txt
Not Found: /robots.txt
Not Found: /robots.txt
Not Found: /robots.txt
Not Found: /robots.txt
/usr/local/lib/python3.5/dist-packages/django/db/models/fields/__init__.py:1421: RuntimeWarning: DateTimeField Comment.time received a naive datetime (2018-11-03 21:16:47.424297) while time zone support is active.
  RuntimeWarning)
/usr/local/lib/python3.5/dist-packages/django/db/models/fields/__init__.py:1421: RuntimeWarning: DateTimeField Comment.time received a naive datetime (2018-11-03 21:42:29.448648) while time zone support is active.
  RuntimeWarning)
/usr/local/lib/python3.5/dist-packages/django/db/models/fields/__init__.py:1421: RuntimeWarning: DateTimeField Comment.time received a naive datetime (2018-11-03 22:07:51.071705) while time zone support is active.
  RuntimeWarning)
/usr/local/lib/python3.5/dist-packages/django/db/models/fields/__init__.py:1421: RuntimeWarning: DateTimeField Comment.time received a naive datetime (2018-11-04 12:56:57.680482) while time zone support is active.
  RuntimeWarning)
Not Found: /robots.txt
Not Found: /robots.txt
Not Found: /robots.txt
Not Found: /robots.txt
Not Found: /robots.txt
Internal Server Error: /index_waterfall/
Traceback (most recent call last):
  File "/usr/local/lib/python3.5/dist-packages/django/core/handlers/exception.py", line 34, in inner
    response = get_response(request)
  File "/usr/local/lib/python3.5/dist-packages/django/core/handlers/base.py", line 126, in _get_response
    response = self.process_exception_by_middleware(e, request)
  File "/usr/local/lib/python3.5/dist-packages/django/core/handlers/base.py", line 124, in _get_response
    response = wrapped_callback(request, *callback_args, **callback_kwargs)
  File "/home/mcq/sites/maocaoqiu.cn/MCQ_Blog/blog/views.py", line 69, in index_waterfall
    img2=Image.open(img)
  File "/usr/local/lib/python3.5/dist-packages/PIL/Image.py", line 2543, in open
    fp = builtins.open(filename, "rb")
FileNotFoundError: [Errno 2] No such file or directory: '/home/mcq/sites/maocaoqiu.cn/MCQ_Blog/blog/static/picture/i65.jpg'
Internal Server Error: /index_waterfall/
Traceback (most recent call last):
  File "/usr/local/lib/python3.5/dist-packages/django/core/handlers/exception.py", line 34, in inner
    response = get_response(request)
  File "/usr/local/lib/python3.5/dist-packages/django/core/handlers/base.py", line 126, in _get_response
    response = self.process_exception_by_middleware(e, request)
  File "/usr/local/lib/python3.5/dist-packages/django/core/handlers/base.py", line 124, in _get_response
    response = wrapped_callback(request, *callback_args, **callback_kwargs)
  File "/home/mcq/sites/maocaoqiu.cn/MCQ_Blog/blog/views.py", line 69, in index_waterfall
    img2=Image.open(img)
  File "/usr/local/lib/python3.5/dist-packages/PIL/Image.py", line 2543, in open
    fp = builtins.open(filename, "rb")
FileNotFoundError: [Errno 2] No such file or directory: '/home/mcq/sites/maocaoqiu.cn/MCQ_Blog/blog/static/picture/i65.jpg'
Internal Server Error: /index_waterfall/
Traceback (most recent call last):
  File "/usr/local/lib/python3.5/dist-packages/django/core/handlers/exception.py", line 34, in inner
    response = get_response(request)
  File "/usr/local/lib/python3.5/dist-packages/django/core/handlers/base.py", line 126, in _get_response
    response = self.process_exception_by_middleware(e, request)
  File "/usr/local/lib/python3.5/dist-packages/django/core/handlers/base.py", line 124, in _get_response
    response = wrapped_callback(request, *callback_args, **callback_kwargs)
  File "/home/mcq/sites/maocaoqiu.cn/MCQ_Blog/blog/views.py", line 69, in index_waterfall
    img2=Image.open(img)
  File "/usr/local/lib/python3.5/dist-packages/PIL/Image.py", line 2543, in open
    fp = builtins.open(filename, "rb")
FileNotFoundError: [Errno 2] No such file or directory: '/home/mcq/sites/maocaoqiu.cn/MCQ_Blog/blog/static/picture/i65.jpg'
Internal Server Error: /index_waterfall/
Traceback (most recent call last):
  File "/usr/local/lib/python3.5/dist-packages/django/core/handlers/exception.py", line 34, in inner
    response = get_response(request)
  File "/usr/local/lib/python3.5/dist-packages/django/core/handlers/base.py", line 126, in _get_response
    response = self.process_exception_by_middleware(e, request)
  File "/usr/local/lib/python3.5/dist-packages/django/core/handlers/base.py", line 124, in _get_response
    response = wrapped_callback(request, *callback_args, **callback_kwargs)
  File "/home/mcq/sites/maocaoqiu.cn/MCQ_Blog/blog/views.py", line 69, in index_waterfall
    img2=Image.open(img)
  File "/usr/local/lib/python3.5/dist-packages/PIL/Image.py", line 2543, in open
    fp = builtins.open(filename, "rb")
FileNotFoundError: [Errno 2] No such file or directory: '/home/mcq/sites/maocaoqiu.cn/MCQ_Blog/blog/static/picture/i65.jpg'
[2018-11-09 15:00:02 +0800] [15640] [INFO] Starting gunicorn 19.9.0
[2018-11-09 15:00:02 +0800] [15640] [INFO] Listening at: unix:/tmp/47.95.214.83.socket (15640)
[2018-11-09 15:00:02 +0800] [15640] [INFO] Using worker: sync
[2018-11-09 15:00:02 +0800] [15643] [INFO] Booting worker with pid: 15643
Internal Server Error: /index_waterfall/
Traceback (most recent call last):
  File "/usr/local/lib/python3.5/dist-packages/django/core/handlers/exception.py", line 34, in inner
    response = get_response(request)
  File "/usr/local/lib/python3.5/dist-packages/django/core/handlers/base.py", line 126, in _get_response
    response = self.process_exception_by_middleware(e, request)
  File "/usr/local/lib/python3.5/dist-packages/django/core/handlers/base.py", line 124, in _get_response
    response = wrapped_callback(request, *callback_args, **callback_kwargs)
  File "/home/mcq/sites/maocaoqiu.cn/MCQ_Blog/blog/views.py", line 69, in index_waterfall
    img2=Image.open(img)
  File "/usr/local/lib/python3.5/dist-packages/PIL/Image.py", line 2543, in open
    fp = builtins.open(filename, "rb")
FileNotFoundError: [Errno 2] No such file or directory: '/home/mcq/sites/maocaoqiu.cn/MCQ_Blog/blog/static/picture/i65.jpg'
Internal Server Error: /index_waterfall/
Traceback (most recent call last):
  File "/usr/local/lib/python3.5/dist-packages/django/core/handlers/exception.py", line 34, in inner
    response = get_response(request)
  File "/usr/local/lib/python3.5/dist-packages/django/core/handlers/base.py", line 126, in _get_response
    response = self.process_exception_by_middleware(e, request)
  File "/usr/local/lib/python3.5/dist-packages/django/core/handlers/base.py", line 124, in _get_response
    response = wrapped_callback(request, *callback_args, **callback_kwargs)
  File "/home/mcq/sites/maocaoqiu.cn/MCQ_Blog/blog/views.py", line 69, in index_waterfall
    img2=Image.open(img)
  File "/usr/local/lib/python3.5/dist-packages/PIL/Image.py", line 2543, in open
    fp = builtins.open(filename, "rb")
FileNotFoundError: [Errno 2] No such file or directory: '/home/mcq/sites/maocaoqiu.cn/MCQ_Blog/blog/static/picture/i65.jpg'
[2018-11-09 15:00:32 +0800] [15640] [INFO] Handling signal: hup
[2018-11-09 15:00:32 +0800] [15640] [INFO] Hang up: Master
[2018-11-09 15:00:32 +0800] [15845] [INFO] Booting worker with pid: 15845
